a 11
a 23
a 37
a 52
a 67
a 83
a 99
a 115
a 131
a 148
a 165
a 182
a 201
a 220
a 239
a 260
a 281
a 304
a 327
a 351
a 375
a 400
a 427
a 454
a 482
a 511
a 544
a 578
a 613
a 650
a 687
a 695
abide 1
abide 2
able 1
about 1
about 2
about 3
about 4
about 5
about 7
about 9
about 11
about 13
about 15
about 17
about 19
about 22
about 25
about 28
about 31
about 34
about 38
about 42
about 46
about 50
about 55
about 60
about 66
about 72
about 79
about 86
about 93
about 102
above 1
above 2
above 3
absence 1
absurd 1
absurd 2
accept 1
acceptance 1
accepted 2
accepting 1
access 5
access 10
accessed 1
accessible 1
accident 2
accidentally 1
accordance 1
accordance 2
account 1
accounting 1
accounts 1
accusation 1
accustomed 1
ache 1
across 1
across 2
across 3
across 5
act 1
active 1
active 2
actual 1
actually 1
ada 1
added 1
added 2
added 3
added 4
added 5
added 6
added 7
added 8
added 9
added 10
added 11
added 13
added 15
added 17
added 20
added 23
adding 1
addition 1
additional 1
additional 3
additions 1
address 1
addressed 1
addressed 2
addresses 1
addressing 1
adjourn 1
adoption 1
advance 1
advance 3
advantage 1
advantage 2
advantage 3
adventures 1
adventures 4
adventures 7
adventures 11
advice 1
advice 2
advice 3
advisable 2
advise 1
affair 1
affectionately 1
afford 1
afore 1
afraid 1
afraid 2
afraid 3
afraid 4
afraid 5
afraid 6
afraid 7
afraid 9
afraid 12
after 1
after 2
after 3
after 4
after 5
after 6
after 7
after 8
after 9
after 10
after 12
after 14
after 16
after 18
after 20
after 22
after 25
after 28
after 31
after 34
after 37
after 40
after 43
afterwards 1
afterwards 2
again 1
again 2
again 3
again 4
again 5
again 6
again 7
again 8
again 9
again 10
again 11
again 13
again 15
again 17
again 20
again 23
again 26
again 29
again 32
again 36
again 40
again 44
again 48
again 53
again 58
again 63
again 68
again 74
again 83
against 1
against 2
against 3
against 4
against 5
against 7
against 10
age 1
age 2
age 3
age 4
aged 1
agent 1
ago 1
ago 2
agony 1
agree 2
agree 6
agree 11
agreed 1
agreement 1
agreement 9
agreement 18
ah 1
ah 2
ah 3
ah 4
ah 5
ahem 1
air 1
air 2
air 3
air 4
air 5
air 6
air 7
air 9
air 11
air 13
air 15
airs 1
alarm 1
alarm 2
alarmed 1
alas 1
alas 2
alas 4
alice 10
alice 20
alice 31
alice 43
alice 55
alice 68
alice 81
alice 94
alice 108
alice 122
alice 136
alice 150
alice 164
alice 178
alice 193
alice 208
alice 223
alice 238
alice 254
alice 270
alice 287
alice 305
alice 325
alice 345
alice 365
alice 385
alice 389
alice 394
alice 403
alive 1
alive 2
alive 3
all 1
all 11
all 22
all 33
all 46
all 48
all 50
all 53
all 56
all 59
all 63
all 67
all 71
all 76
all 81
all 86
all 92
all 98
all 104
all 110
all 116
all 123
all 131
all 139
all 147
all 155
all 164
all 173
all 182
all 191
all 200
allow 1
allow 2
allow 3
allow 4
almost 1
almost 2
almost 3
almost 4
almost 5
almost 6
almost 8
alone 1
alone 2
alone 3
alone 4
alone 5
along 1
along 2
along 3
along 4
along 5
along 6
aloud 1
aloud 2
aloud 3
aloud 4
aloud 5
already 1
already 2
already 3
also 1
also 2
also 3
also 4
alteration 1
altered 1
alternate 1
alternately 1
altogether 1
altogether 2
altogether 3
altogether 5
always 1
always 2
always 3
always 4
always 5
always 6
always 7
always 9
always 11
always 13
am 1
am 2
am 3
am 4
am 5
am 6
am 8
am 10
am 13
am 16
ambition 1
among 1
among 2
among 3
among 4
among 6
among 8
among 10
among 12
an 1
an 2
an 3
an 4
an 5
an 6
an 7
an 8
an 9
an 11
an 13
an 15
an 17
an 19
an 22
an 25
an 28
an 31
an 35
an 39
an 43
an 47
an 52
an 57
an 62
ancient 1
and 12
and 24
and 38
and 57
and 78
and 99
and 121
and 144
and 167
and 190
and 213
and 237
and 261
and 286
and 312
and 338
and 365
and 395
and 425
and 456
and 490
and 525
and 562
and 599
and 637
and 676
and 715
and 757
and 799
and 842
and 891
and 942
anger 1
anger 2
angrily 1
angrily 2
angrily 3
angrily 4
angrily 5
angrily 6
angrily 7
angrily 8
angrily 9
angry 1
angry 2
angry 3
angry 5
animal 1
animal 2
animals 1
animals 2
animals 3
animals 4
ann 1
ann 4
annoy 1
annoyed 1
another 1
another 2
another 3
another 4
another 5
another 6
another 7
another 8
another 9
another 11
another 13
another 15
another 17
another 19
another 22
answer 1
answer 2
answer 3
answer 4
answer 5
answer 6
answer 7
answer 8
answer 9
answered 1
answered 2
answered 3
answered 4
answers 1
antipathies 1
anxious 1
anxious 2
anxious 3
anxiously 1
anxiously 2
anxiously 3
anxiously 4
anxiously 5
anxiously 6
anxiously 7
anxiously 8
anxiously 9
anxiously 10
anxiously 12
anxiously 14
any 1
any 2
any 3
any 4
any 5
any 6
any 7
any 8
any 9
any 10
any 11
any 12
any 13
any 14
any 28
any 42
any 44
any 46
any 48
any 51
any 54
any 57
any 61
any 67
any 76
anyone 1
anyone 3
anyone 5
anything 1
anything 2
anything 3
anything 4
anything 5
anything 6
anything 7
anything 8
anything 9
anything 10
anything 11
anything 13
anything 15
anything 17
anything 19
anything 22
anywhere 1
anywhere 2
anywhere 3
appealed 1
appear 1
appear 2
appear 3
appearance 1
appeared 1
appeared 2
appeared 4
appeared 8
appearing 1
appearing 2
appears 1
applause 1
apple 1
apples 2
applicable 3
apply 1
approach 1
arch 1
archbishop 2
arches 1
arches 2
arches 4
archive 1
archive 6
archive 13
are 1
are 2
are 3
are 4
are 5
are 6
are 7
are 8
are 19
are 21
are 23
are 25
are 27
are 29
are 31
are 33
are 36
are 39
are 42
are 45
are 49
are 53
are 57
are 61
are 69
are 77
argue 1
argued 1
argument 1
argument 4
arguments 1
arise 1
arithmetic 1
arm 1
arm 2
arm 4
arm 6
arm 8
arm 10
arm 15
arms 1
arms 2
arms 3
arms 4
arms 6
around 1
around 3
arranged 1
array 1
arrived 1
arrow 1
arrum 1
arthur 1
as 1
as 2
as 12
as 23
as 34
as 45
as 57
as 69
as 81
as 93
as 105
as 118
as 131
as 145
as 162
as 165
as 169
as 174
as 179
as 184
as 190
as 196
as 203
as 210
as 217
as 224
as 232
as 240
as 248
as 256
as 265
as 274
ascii 2
ashamed 1
ashamed 2
ask 1
ask 2
ask 3
ask 4
ask 5
ask 6
ask 7
ask 8
ask 9
ask 11
askance 1
asked 1
asked 2
asked 3
asked 4
asked 5
asked 6
asked 8
asked 10
asked 12
asked 14
asked 17
asking 1
asking 2
asking 3
asking 4
asking 5
asleep 1
asleep 2
asleep 3
asleep 4
asleep 6
asleep 8
assembled 1
assembled 2
assistance 1
associated 1
associated 2
associated 8
at 10
at 20
at 30
at 40
at 52
at 65
at 79
at 93
at 95
at 98
at 102
at 106
at 110
at 114
at 119
at 124
at 129
at 134
at 139
at 144
at 149
at 155
at 161
at 167
at 174
at 181
at 188
at 195
at 202
at 209
at 217
at 225
ate 1
atheling 1
atom 2
attached 1
attempt 1
attempted 1
attempts 1
attended 1
attending 1
attending 2
attending 3
attends 1
audibly 1
australia 1
author 1
authority 1
authority 2
available 1
available 2
avoid 1
away 1
away 2
away 3
away 4
away 5
away 6
away 7
away 8
away 10
away 12
away 14
away 16
away 18
away 21
away 24
away 28
awfully 1
axes 1
axis 1
b 1
b 2
baby 1
baby 3
baby 7
baby 14
back 1
back 2
back 3
back 4
back 5
back 6
back 7
back 9
back 11
back 13
back 15
back 17
back 20
back 24
back 28
back 33
back 39
backs 1
bad 1
bad 2
bag 1
baked 1
balanced 1
balls 1
bank 1
bank 2
bank 3
banks 1
banquet 1
bark 2
barking 1
barley 1
barrowful 2
based 2
bat 1
bat 3
bathing 1
bats 4
bawled 1
be 1
be 11
be 21
be 31
be 42
be 44
be 46
be 48
be 51
be 54
be 57
be 60
be 63
be 66
be 69
be 73
be 77
be 82
be 87
be 92
be 97
be 103
be 109
be 115
be 122
be 129
be 136
be 143
be 151
be 159
be 167
beak 1
bear 1
bear 2
beast 1
beasts 1
beasts 2
beat 1
beat 2
beat 4
beating 1
beating 2
beau 1
beau 4
beauti 1
beautiful 1
beautiful 2
beautiful 5
beautiful 13
beautifully 1
beautifully 2
beautify 1
became 1
became 2
because 1
because 2
because 3
because 4
because 5
because 6
because 7
because 8
because 9
because 11
because 13
because 16
become 1
become 2
become 3
become 4
become 5
becoming 1
bed 1
beds 1
beds 2
bee 1
been 1
been 2
been 3
been 4
been 5
been 6
been 7
been 8
been 9
been 10
been 12
been 14
been 16
been 18
been 20
been 22
been 24
been 26
been 28
been 31
been 34
been 38
before 1
before 2
before 3
before 4
before 5
before 6
before 7
before 9
before 11
before 13
before 15
before 18
before 21
before 24
before 27
before 30
before 33
before 36
before 42
beg 1
beg 2
beg 3
beg 5
beg 8
began 1
began 2
began 3
began 4
began 5
began 6
began 8
began 10
began 12
began 14
began 16
began 18
began 20
began 22
began 24
began 27
began 30
began 33
began 36
began 39
began 42
began 45
began 49
began 53
began 58
begged 1
begin 1
begin 2
begin 3
begin 4
begin 5
begin 6
begin 7
begin 8
begin 9
begin 10
begin 11
begin 13
beginning 1
beginning 2
beginning 3
beginning 4
beginning 5
beginning 6
beginning 7
beginning 8
beginning 9
beginning 10
beginning 11
beginning 12
beginning 13
beginning 15
begins 1
begins 2
begins 4
begun 1
begun 2
begun 3
begun 5
begun 7
behead 1
beheaded 1
beheaded 2
beheaded 3
beheading 1
behind 1
behind 2
behind 3
behind 4
behind 5
behind 6
behind 7
behind 9
behind 11
behind 13
being 1
being 2
being 3
being 4
being 5
being 6
being 7
being 8
being 9
being 11
being 13
being 16
being 19
believe 1
believe 2
believe 3
believe 4
believe 5
believe 7
believe 9
believed 1
bells 1
belong 1
belongs 1
belongs 2
beloved 1
below 1
below 2
below 3
below 4
below 6
belt 1
bend 1
bend 2
bent 1
besides 1
besides 2
besides 3
besides 4
best 1
best 2
best 3
best 4
best 5
best 6
best 7
best 8
best 10
best 12
better 1
better 2
better 3
better 4
better 5
better 6
better 8
better 10
better 12
better 14
between 1
between 2
between 3
between 4
between 6
bill 1
bill 2
bill 3
bill 4
bill 5
bill 18
binary 1
bird 1
bird 2
birds 1
birds 2
birds 3
birds 5
birds 7
birds 10
birthday 1
bit 1
bit 2
bit 3
bit 4
bit 5
bit 6
bit 7
bit 8
bit 9
bit 10
bit 12
bit 16
bite 2
bitter 1
blacking 1
blades 1
blame 1
blasts 2
bleeds 1
blew 2
blow 1
blow 2
blown 1
blows 1
blue 1
body 1
body 2
boldly 1
bone 1
bones 1
book 1
book 2
book 3
book 4
book 6
book 8
book 11
books 1
books 2
boon 1
boots 1
boots 4
bore 1
both 1
both 2
both 3
both 4
both 5
both 6
both 7
both 9
both 11
both 13
both 15
bother 1
bottle 1
bottle 5
bottle 10
bottom 1
bottom 4
bough 1
bound 1
bound 3
bowed 1
bowed 2
bowed 4
bowing 1
box 1
box 2
box 3
box 4
box 6
box 10
boxed 1
boy 1
boy 3
brain 1
branch 1
branches 1
branches 2
brandy 1
brass 1
brave 1
breach 2
bread 1
bread 2
bread 3
bread 7
break 1
break 2
breath 1
breath 2
breath 3
breath 4
breathe 1
breathe 3
breeze 1
bright 1
bright 2
bright 3
bright 4
bright 5
bright 6
bright 8
brightened 1
brightened 2
bring 1
bring 2
bring 3
bringing 1
bringing 2
bringing 3
bristling 1
broke 1
broke 2
broken 1
broken 2
broken 6
brother 1
brought 1
brought 2
brought 3
brown 1
brown 2
brush 1
brushing 1
burn 1
burn 2
burning 1
burnt 1
burst 1
bursting 1
busily 1
busily 2
busily 3
busily 4
business 1
business 2
business 3
business 4
business 5
business 6
business 8
busy 1
busy 2
but 1
but 11
but 21
but 33
but 35
but 38
but 41
but 44
but 47
but 50
but 54
but 58
but 62
but 67
but 72
but 77
but 82
but 87
but 92
but 98
but 104
but 110
but 116
but 122
but 129
but 136
but 143
but 150
but 158
but 166
but 174
butter 1
butter 2
butter 5
butter 9
buttercup 1
buttered 1
butterfly 1
buttons 1
by 1
by 2
by 3
by 4
by 5
by 6
by 7
by 8
by 21
by 23
by 25
by 27
by 29
by 31
by 33
by 35
by 37
by 39
by 42
by 45
by 48
by 51
by 54
by 57
by 61
by 65
by 69
by 74
by 80
by 86
bye 1
bye 2
c 1
c 3
c 5
cackled 1
cake 3
cakes 3
calculate 1
calculated 1
call 1
call 2
call 3
call 5
call 7
call 9
called 1
called 2
called 3
called 4
called 5
called 6
called 7
called 8
called 9
called 10
called 12
called 15
calling 1
calmly 1
came 1
came 2
came 3
came 4
came 5
came 7
came 9
came 11
came 13
came 15
came 17
came 19
came 22
came 25
came 28
came 33
came 40
camomile 1
can 1
can 2
can 3
can 4
can 5
can 7
can 9
can 11
can 13
can 15
can 17
can 19
can 22
can 25
can 28
can 31
can 34
can 37
can 41
can 45
can 49
can 53
can 58
can 63
can 68
can 73
canary 1
candle 3
cannot 1
cannot 2
cannot 5
canterbury 1
canvas 1
capering 1
capital 1
capital 2
capital 4
card 1
cardboard 1
cards 1
cards 2
cards 3
care 1
care 2
care 4
carefully 1
carefully 2
carefully 3
cares 1
cares 2
carried 1
carried 2
carried 3
carried 4
carrier 1
carroll 3
carry 1
carry 2
carrying 2
cart 1
cartwheels 1
case 1
case 2
case 3
case 4
case 5
cat 1
cat 2
cat 14
cat 16
cat 18
cat 21
cat 28
cat 37
catch 1
catch 2
catch 4
catching 1
catching 2
caterpillar 1
caterpillar 2
caterpillar 20
caterpillar 29
cats 2
cats 6
cats 13
cattle 1
caucus 1
caucus 4
caught 1
caught 3
cauldron 2
cause 1
cause 2
cause 3
cause 5
caused 2
cautiously 1
cautiously 2
cautiously 3
cease 1
ceiling 1
centre 1
certain 1
certain 2
certain 3
certain 5
certainly 1
certainly 2
certainly 3
certainly 4
certainly 5
certainly 6
certainly 7
certainly 8
certainly 10
certainly 12
certainly 14
chain 1
chains 1
chair 1
chance 1
chance 2
chance 3
chance 4
chanced 1
change 1
change 2
change 3
change 4
change 5
change 6
change 8
change 10
change 12
change 15
changed 1
changed 3
changed 5
changed 8
changes 2
changing 1
changing 2
chapter 1
chapter 2
chapter 3
chapter 4
chapter 5
chapter 6
chapter 7
chapter 8
chapter 9
chapter 10
chapter 11
chapter 24
character 1
character 2
charge 3
charge 6
charges 1
charges 2
charitable 1
charities 1
chatte 1
cheap 1
cheated 1
check 1
check 2
check 4
checked 1
checked 2
checked 3
checks 1
cheeks 1
cheered 1
cheered 3
cheerfully 1
cherry 1
cheshire 1
cheshire 3
cheshire 5
cheshire 7
chief 1
child 1
child 2
child 3
child 4
child 5
child 6
child 7
child 8
child 9
child 11
childhood 1
children 1
children 2
children 3
children 4
children 5
children 6
children 7
children 8
children 10
chimney 1
chimney 6
chimneys 1
chin 1
chin 3
chin 7
choice 2
choke 1
choked 1
choked 2
choked 3
choking 1
choose 1
choosing 1
chop 1
chorus 1
chorus 2
chorus 3
chorus 4
chorus 5
chorus 6
chose 1
chose 2
christmas 1
chrysalis 1
chuckled 1
circle 1
circumstances 1
city 1
civil 1
civil 3
claim 1
clamour 1
clapping 1
clasped 1
classics 1
claws 1
claws 2
clean 1
clear 1
clear 2
cleared 1
clearer 1
clearly 1
clearly 2
clever 1
clever 2
climb 1
clinging 1
clock 5
close 1
close 2
close 3
close 4
close 5
close 6
close 7
close 8
close 9
close 11
close 13
closed 1
closed 2
closely 1
closer 1
clubs 1
coast 1
coaxing 2
codes 1
coils 1
cold 1
collar 1
collected 1
collected 2
collection 1
collection 2
collection 4
come 1
come 2
come 3
come 4
come 5
come 6
come 7
come 8
come 9
come 10
come 11
come 13
come 15
come 17
come 19
come 21
come 23
come 26
come 29
come 32
come 36
come 41
come 47
comes 1
comes 2
comfits 1
comfits 2
comfort 1
comfortable 1
comfortably 1
coming 1
coming 2
coming 3
coming 4
coming 5
coming 6
coming 7
coming 9
commercial 1
committed 1
common 1
commotion 1
company 1
compilation 1
complained 1
complaining 1
completely 1
compliance 1
compliance 5
comply 2
comply 6
complying 1
complying 3
compressed 1
computer 2
computers 2
concept 1
concept 2
concerning 1
concerning 2
concert 1
concert 2
concluded 1
concluded 2
conclusion 1
conclusion 2
condemn 1
conduct 1
confirmation 1
confirmed 1
confused 1
confused 2
confused 3
confused 4
confusing 1
confusing 2
confusing 3
confusion 1
confusion 2
confusion 3
confusion 4
confusion 5
conger 1
conqueror 1
conqueror 2
conquest 1
consented 1
consequential 1
consider 1
consider 2
consider 3
consider 4
considerable 1
considerable 2
considered 1
considered 2
considered 3
considering 1
considering 3
constant 1
constant 2
constant 3
consultation 1
contact 1
contact 4
contain 1
contain 2
containing 1
contempt 1
contemptuous 1
contemptuously 1
contemptuously 2
content 1
contents 1
continued 1
continued 2
continued 3
continued 4
continued 5
continued 7
continued 9
contract 1
contradicted 1
contributions 2
conversation 1
conversation 2
conversation 3
conversation 4
conversation 5
conversation 7
conversation 9
conversations 2
convert 1
cook 1
cook 2
cook 7
cook 13
cool 1
cool 2
copied 2
copies 1
copies 3
copies 7
copy 1
copy 2
copy 5
copy 12
copying 1
copying 4
copyright 12
copyright 14
copyright 17
copyright 20
corner 1
corner 2
corner 4
corners 1
corporation 1
corrupt 1
cost 1
cost 2
cost 3
cost 4
costs 1
costs 2
could 1
could 2
could 3
could 4
could 5
could 6
could 8
could 10
could 12
could 14
could 16
could 18
could 21
could 24
could 27
could 30
could 33
could 36
could 39
could 42
could 45
could 49
could 53
could 57
could 61
could 65
could 71
could 78
couldn 1
couldn 2
couldn 3
couldn 4
couldn 5
couldn 7
couldn 9
counting 1
countries 1
country 1
country 2
country 5
couple 1
couples 1
courage 1
courage 2
courage 3
course 1
course 2
course 3
course 4
course 5
course 6
course 7
course 9
course 13
course 17
course 21
course 27
court 1
court 6
court 11
court 18
courtiers 2
coward 1
crab 1
crab 3
crash 1
crash 2
crash 3
crashed 1
crawled 1
crawling 1
crazy 1
created 2
creating 1
creating 2
creating 4
creation 1
creature 1
creature 4
creatures 1
creatures 2
creatures 3
creatures 4
creatures 5
creatures 6
creatures 8
creatures 10
credit 1
creep 1
crept 1
cried 1
cried 2
cried 3
cried 4
cried 5
cried 6
cried 7
cried 8
cried 10
cried 13
cried 20
cries 1
crimson 1
crimson 2
critical 1
crocodile 1
croquet 1
croquet 2
croquet 3
croquet 4
croquet 6
croquet 8
croquet 10
croqueted 1
croqueting 1
cross 1
cross 3
crossed 1
crossed 3
crossly 1
crouched 1
crowd 1
crowd 2
crowd 3
crowd 4
crowded 1
crowded 2
crowded 3
crowded 5
crown 1
crown 2
crown 3
crumbs 1
crumbs 4
crust 1
cry 1
cry 2
cry 3
crying 2
cucumber 2
cunning 1
cup 1
cup 2
cupboards 2
cur 1
curiosity 1
curiosity 2
curiosity 3
curiosity 4
curiosity 5
curious 1
curious 2
curious 3
curious 4
curious 5
curious 6
curious 7
curious 8
curious 9
curious 10
curious 12
curious 14
curious 16
curious 19
curiouser 2
curled 1
curled 2
curls 1
curly 1
currants 1
current 1
curtain 1
curtsey 1
curtseying 1
curving 1
cushion 1
cushion 2
custard 1
custody 2
cut 1
cut 2
cut 3
cut 5
cutting 1
d 1
d 2
d 3
d 4
d 5
d 6
d 7
d 8
d 10
d 12
d 14
d 16
d 18
d 20
d 23
d 26
d 30
dainties 1
daisies 1
daisy 1
damage 2
damaged 1
damages 4
dance 1
dance 13
dancing 1
dancing 2
dare 1
dare 2
dare 3
dare 4
dare 5
daresay 1
dark 1
dark 3
darkness 1
data 1
date 1
date 2
date 3
dates 1
daughter 1
david 1
day 1
day 2
day 3
day 4
day 5
day 6
day 7
day 8
day 9
day 10
day 11
day 13
day 15
day 17
day 19
day 21
day 24
day 29
days 1
days 2
days 4
days 8
dead 2
dead 4
deal 1
deal 2
deal 3
deal 4
deal 5
deal 6
deal 7
deal 8
deal 9
deal 10
deal 12
dear 1
dear 2
dear 3
dear 4
dear 5
dear 6
dear 8
dear 10
dear 12
dear 15
dear 19
dear 24
dear 29
dears 1
dears 2
dears 3
death 1
decided 1
decided 2
decided 3
decidedly 1
decidedly 2
decidedly 3
decidedly 4
declare 1
declare 2
declared 1
deductible 1
deep 1
deep 2
deep 3
deep 5
deep 7
deepest 1
deeply 1
deeply 2
deeply 3
deeply 4
defect 1
defect 3
defective 3
defects 1
delay 1
deletions 1
delight 1
delight 2
delight 3
delighted 1
delighted 2
delightful 1
delightful 2
demand 1
denial 1
denied 1
denied 2
denies 1
deny 2
denying 1
depends 1
depends 2
derision 1
derivative 3
derive 1
derived 1
described 1
deserved 1
desk 1
desks 1
despair 1
desperate 1
desperately 1
despite 1
destroy 1
destroy 2
detach 1
determine 1
diamonds 1
dibianca 1
did 1
did 2
did 3
did 4
did 5
did 6
did 7
did 8
did 9
did 10
did 11
did 13
did 15
did 17
did 19
did 21
did 24
did 27
did 30
did 33
did 37
did 41
did 45
did 50
did 55
did 63
didn 1
didn 2
didn 3
didn 4
didn 5
didn 6
didn 7
didn 8
didn 10
didn 12
didn 14
die 1
died 1
different 1
different 2
different 3
different 6
different 10
difficult 1
difficult 2
difficulties 1
difficulty 1
difficulty 2
difficulty 3
difficulty 4
dig 1
digging 1
digging 2
digging 4
diligently 1
dinah 1
dinah 2
dinah 4
dinah 9
dinah 14
dinn 2
dinner 1
dinner 2
dipped 1
dipped 2
direct 1
directed 2
direction 1
direction 2
direction 3
direction 5
directions 1
directions 2
directions 3
directly 1
directly 2
directly 3
disagree 1
disappeared 1
disappeared 2
disappointment 1
disclaim 1
disclaimer 3
disclaimers 1
discontinue 1
discover 1
discovered 1
disgust 1
dish 1
dish 2
dish 4
dishes 1
dishes 2
disk 1
dismay 1
disobey 1
display 1
displayed 1
displaying 2
displaying 4
dispute 1
dispute 2
distance 1
distance 2
distance 3
distance 4
distance 5
distance 6
distance 7
distance 8
distant 1
distant 2
distraction 1
distribute 1
distribute 2
distribute 6
distributed 2
distributed 4
distributing 3
distributing 7
distribution 1
distribution 3
distribution 6
distributor 1
dive 1
do 1
do 2
do 3
do 4
do 5
do 6
do 8
do 10
do 12
do 14
do 16
do 18
do 21
do 24
do 27
do 30
do 34
do 38
do 42
do 46
do 52
do 58
do 64
do 72
do 80
do 88
do 97
dodged 1
dodo 11
dodo 13
does 1
does 2
does 3
does 4
does 5
does 7
does 9
does 11
doesn 1
doesn 2
doesn 3
doesn 4
doesn 5
doesn 6
doesn 7
doesn 8
doesn 9
doesn 10
doesn 11
doesn 12
doesn 14
doesn 16
dog 1
dog 3
dogs 3
doing 1
doing 2
doing 3
doing 4
doing 5
domain 1
domain 2
don 1
don 2
don 3
don 4
don 5
don 6
don 8
don 10
don 12
don 14
don 16
don 18
don 20
don 23
don 26
don 29
don 32
don 35
don 38
don 42
don 46
don 50
don 55
don 61
donate 1
donate 5
donation 1
donations 1
donations 15
done 1
done 2
done 4
done 6
done 8
done 10
done 12
done 15
donors 1
door 1
door 2
door 3
door 5
door 7
door 9
door 11
door 14
door 19
door 24
door 30
doors 2
doorway 1
dormouse 19
dormouse 21
dormouse 23
dormouse 26
dormouse 29
dormouse 33
dormouse 40
doth 1
doth 3
double 1
doubled 1
doubling 1
doubt 1
doubt 2
doubt 4
doubtful 1
doubtful 2
doubtfully 1
doubtfully 2
down 1
down 2
down 3
down 4
down 5
down 15
down 29
down 31
down 33
down 35
down 37
down 39
down 41
down 44
down 47
down 50
down 53
down 56
down 60
down 64
down 68
down 72
down 77
down 82
down 87
down 94
down 103
downloading 1
downward 1
downwards 1
doze 1
dozing 1
draggled 1
draw 1
draw 7
drawing 1
drawling 3
dreadful 1
dreadful 2
dreadfully 1
dreadfully 2
dreadfully 3
dreadfully 4
dreadfully 6
dream 1
dream 7
dreamed 1
dreaming 1
dreamy 1
dressed 1
drew 1
drew 2
drew 3
drew 4
drew 5
dried 1
driest 1
drink 2
drink 4
drink 7
drinking 1
dripping 1
drive 1
drive 2
drop 1
dropped 1
dropped 2
dropped 3
dropped 4
dropped 5
dropping 1
drowned 1
drunk 2
dry 1
dry 2
dry 8
duchess 1
duchess 2
duchess 3
duchess 4
duchess 15
duchess 33
duchess 35
duchess 37
duchess 39
duchess 42
duck 1
duck 2
duck 4
dull 1
dull 2
dull 3
dunce 1
e 10
e 23
e 25
e 29
each 1
each 2
each 3
each 4
each 5
each 6
each 7
each 9
eager 1
eager 3
eagerly 1
eagerly 2
eagerly 3
eagerly 4
eagerly 5
eagerly 6
eagerly 8
eaglet 3
ear 1
ear 2
ear 3
ear 4
ear 6
earls 2
earnestly 1
earnestly 2
ears 1
ears 2
ears 3
ears 4
ears 5
earth 1
earth 2
earth 3
earth 4
easily 1
easily 2
easily 4
easy 1
easy 2
easy 3
eat 1
eat 2
eat 3
eat 5
eat 7
eat 9
eat 13
eat 18
eaten 1
eating 1
eats 1
ebook 1
ebook 7
ebook 13
ebooks 2
ebooks 7
edgar 1
edge 1
edge 2
edge 3
edition 1
edition 2
editions 1
editions 3
editions 6
educational 1
educations 1
edwin 2
eel 1
eel 2
eels 1
effect 1
effect 3
effort 1
effort 2
efforts 1
efforts 3
egg 1
eggs 5
eh 1
ein 1
either 1
either 2
either 3
either 4
either 5
either 6
either 8
either 11
elbow 1
elbow 3
elbows 1
elect 1
electronic 14
electronic 19
electronic 27
electronically 2
elegant 1
eleventh 1
else 1
else 2
else 3
else 4
else 5
else 6
else 8
else 10
else 12
elsie 1
em 1
em 3
email 2
emphasis 1
employee 1
employees 1
empty 1
encoding 1
encourage 1
encouraged 1
encouraging 1
encouraging 2
end 1
end 2
end 3
end 4
end 5
end 6
end 7
end 9
end 11
end 13
end 15
end 17
end 19
ending 1
ending 2
energetic 1
engaged 1
engine 1
england 1
english 1
english 2
english 3
english 5
english 7
engraved 1
enjoy 1
ennyworth 1
enormous 1
enough 1
enough 2
enough 3
enough 4
enough 5
enough 6
enough 7
enough 8
enough 9
enough 11
enough 13
enough 15
enough 18
ensuring 1
entangled 2
entirely 1
entirely 2
entity 1
entity 3
entrance 1
equipment 1
equipment 3
errors 1
escape 1
escape 2
escape 3
escape 4
especially 1
esq 1
est 1
even 1
even 2
even 3
even 4
even 5
even 6
even 7
even 8
even 9
even 10
even 11
even 12
even 13
even 14
even 15
even 16
even 18
even 20
evening 2
evening 5
ever 1
ever 2
ever 3
ever 4
ever 5
ever 6
ever 7
ever 8
ever 10
ever 12
ever 14
ever 16
ever 18
ever 22
every 1
every 2
every 3
every 4
every 5
every 6
every 7
every 8
every 10
every 12
everybody 1
everybody 2
everybody 3
everybody 4
everybody 5
everybody 6
everybody 7
everybody 8
everything 1
everything 2
everything 3
everything 4
everything 5
everything 7
everything 9
everything 11
everything 14
evidence 1
evidence 3
evidence 5
evidence 8
evidently 1
exact 1
exactly 1
exactly 2
exactly 3
exactly 4
exactly 5
exactly 6
exactly 7
exactly 8
examine 2
examining 1
excellent 1
excellent 2
except 1
except 2
except 3
except 4
except 5
except 8
exclaimed 1
exclaimed 2
exclaimed 3
exclaimed 4
exclaimed 6
exclamation 1
exclusion 1
execute 1
executed 1
executed 3
executed 6
executes 1
execution 1
execution 2
execution 3
executioner 6
executions 2
exempt 2
existence 1
exists 1
expected 1
expecting 1
expecting 2
expecting 3
expend 1
expense 1
expenses 1
expenses 2
experiment 2
explain 1
explain 2
explain 3
explain 5
explain 7
explain 10
explained 1
explanation 1
explanation 2
explanation 4
explanations 1
exporting 1
express 1
expressing 1
expression 1
extent 1
extra 1
extraordinary 1
extraordinary 2
extras 1
extremely 1
extremely 2
eye 1
eye 2
eye 3
eye 4
eye 5
eye 7
eyed 1
eyelids 1
eyes 1
eyes 2
eyes 3
eyes 4
eyes 5
eyes 6
eyes 7
eyes 8
eyes 9
eyes 10
eyes 12
eyes 14
eyes 16
eyes 18
eyes 20
eyes 22
eyes 25
eyes 29
f 11
face 1
face 2
face 3
face 4
face 5
face 7
face 9
face 11
face 13
face 15
faces 1
faces 2
faces 5
facility 1
fact 1
fact 2
fact 3
fact 4
fact 5
fact 6
fact 8
fading 1
failure 1
faint 1
fainting 1
faintly 1
fair 1
fairly 1
fairy 1
fall 1
fall 2
fall 3
fall 5
fall 7
fallen 1
fallen 2
fallen 4
falling 1
falling 2
familiarly 1
family 1
fan 1
fan 3
fan 6
fan 10
fancied 2
fancy 1
fancy 2
fancy 3
fancy 5
fancy 7
fancying 1
fanned 1
fanning 1
far 1
far 2
far 3
far 4
far 5
far 6
far 8
far 10
far 13
farm 1
farmer 1
farther 1
fashion 1
fashion 2
fast 1
fast 2
fast 3
fast 4
faster 1
faster 2
faster 3
fat 1
father 1
father 2
father 6
favoured 1
favourite 1
fear 1
fear 2
fear 3
fear 4
feared 1
feather 1
feathers 1
federal 2
fee 2
fee 8
feeble 1
feeble 2
feebly 1
feel 1
feel 2
feel 3
feel 4
feel 5
feel 6
feel 8
feeling 1
feeling 2
feeling 3
feeling 4
feeling 5
feeling 6
feeling 7
feelings 1
feelings 2
fees 1
fees 2
fees 4
feet 1
feet 2
feet 3
feet 4
feet 5
feet 6
feet 7
feet 8
feet 9
feet 11
feet 13
feet 19
fell 1
fell 2
fell 3
fell 6
fellow 1
fellow 2
fellow 4
fellows 1
felt 1
felt 2
felt 3
felt 4
felt 5
felt 6
felt 7
felt 8
felt 9
felt 10
felt 12
felt 14
felt 16
felt 19
felt 23
fender 1
ferrets 2
fetch 1
fetch 2
fetch 3
fetch 5
fetch 7
few 1
few 2
few 3
few 4
few 5
few 6
few 7
few 8
few 10
fidgeted 1
field 1
fifteen 1
fifteenth 1
fifth 1
fig 1
fight 2
fighting 1
figure 1
figure 3
figures 1
file 1
file 2
files 1
files 2
filled 1
filled 2
filled 3
fills 1
financial 1
find 1
find 2
find 3
find 4
find 5
find 6
find 7
find 8
find 9
find 10
find 11
find 13
find 15
find 18
find 21
finding 1
finding 3
finds 1
fine 1
fine 2
finger 1
finger 2
finger 3
finger 5
finish 1
finish 2
finish 3
finish 5
finished 1
finished 2
finished 3
finished 4
finished 5
finished 6
finished 7
finished 8
finished 9
finished 10
finished 12
finishing 1
fire 1
fire 4
fireplace 1
first 1
first 2
first 3
first 4
first 5
first 6
first 7
first 9
first 11
first 13
first 15
first 17
first 19
first 22
first 25
first 28
first 31
first 34
first 37
first 40
first 43
first 47
first 51
fish 1
fish 2
fish 3
fish 5
fish 8
fishes 1
fit 1
fit 3
fitness 1
fits 1
fitted 1
five 1
five 8
fix 1
fix 2
fixed 1
flame 1
flamingo 1
flamingo 2
flamingo 5
flamingoes 1
flamingoes 2
flapper 1
flappers 1
flashed 1
flat 2
flavour 1
flew 1
flinging 1
flock 1
floor 1
floor 2
floor 3
flower 1
flower 2
flowers 1
flowers 2
flown 1
flung 1
flurry 1
flustered 1
fluttered 1
fly 1
fly 2
fly 3
flying 1
folded 1
folded 3
folding 1
follow 1
follow 2
follow 3
followed 1
followed 2
followed 3
followed 4
followed 5
followed 6
followed 8
following 1
following 2
following 4
follows 1
follows 3
fond 1
fond 2
fond 3
fond 4
foolish 1
foot 1
foot 2
foot 3
foot 4
foot 5
foot 6
foot 7
foot 8
foot 10
footman 6
footman 14
footmen 1
footsteps 1
footsteps 2
for 1
for 2
for 3
for 13
for 24
for 35
for 46
for 57
for 71
for 73
for 75
for 77
for 80
for 83
for 86
for 90
for 94
for 98
for 102
for 107
for 112
for 117
for 122
for 127
for 133
for 139
for 145
for 153
for 161
for 170
for 179
forehead 1
forehead 2
forepaws 1
forget 1
forget 2
forgetting 1
forgetting 2
forgetting 3
forgot 1
forgot 2
forgotten 1
forgotten 2
forgotten 3
forgotten 4
forgotten 6
fork 1
form 1
form 2
form 5
format 1
format 4
formats 1
formats 2
forth 3
forth 8
fortunately 1
forty 1
forty 2
forwards 1
found 1
found 2
found 3
found 4
found 5
found 6
found 7
found 8
found 9
found 10
found 12
found 14
found 16
found 19
found 22
found 26
found 30
found 35
foundation 1
foundation 14
foundation 17
foundation 25
fountains 1
fountains 2
four 1
four 2
four 4
four 8
fourteenth 1
fourth 1
frame 1
frames 1
france 1
free 1
free 2
free 3
free 4
free 5
free 8
freely 1
freely 4
french 1
french 2
french 4
friend 1
friend 3
friends 1
friends 2
fright 1
fright 2
frighten 1
frightened 1
frightened 2
frightened 3
frightened 4
frightened 5
frightened 6
frightened 7
frog 1
frog 3
from 1
from 2
from 3
from 4
from 5
from 6
from 7
from 8
from 9
from 11
from 13
from 15
from 17
from 19
from 21
from 23
from 25
from 27
from 30
from 33
from 36
from 40
from 45
from 52
front 1
front 2
frontispiece 1
frowning 1
frowning 2
frowning 4
frying 1
ful 1
fulcrum 1
full 1
full 2
full 3
full 4
full 5
full 7
full 12
full 19
fumbled 1
fun 1
fun 3
funny 1
funny 2
funny 3
fur 1
fur 2
fur 3
furious 1
furiously 1
furrow 1
furrows 1
further 1
further 2
further 3
further 4
fury 1
fury 3
future 1
future 3
gained 1
gallons 1
game 1
game 2
game 3
game 4
game 6
game 8
game 13
games 1
garden 1
garden 2
garden 3
garden 4
garden 6
garden 9
garden 12
garden 16
gardeners 2
gardeners 8
gather 1
gave 1
gave 2
gave 3
gave 4
gave 5
gave 6
gave 7
gave 9
gave 15
gay 1
gazing 1
general 1
general 2
general 3
general 4
general 6
generally 1
generally 2
generally 3
generally 5
generally 7
generations 2
gently 1
gently 2
gently 3
geography 1
get 1
get 2
get 3
get 4
get 5
get 6
get 7
get 9
get 11
get 13
get 15
get 17
get 20
get 23
get 26
get 29
get 32
get 36
get 40
get 46
getting 1
getting 2
getting 3
getting 4
getting 5
getting 6
getting 7
getting 8
getting 9
getting 10
getting 11
getting 12
getting 13
getting 15
getting 17
getting 19
getting 22
giddy 1
giddy 2
girl 1
girl 2
girl 4
girls 1
girls 3
give 1
give 2
give 3
give 4
give 5
give 6
give 7
give 8
give 9
give 10
give 12
give 14
give 16
given 1
given 2
giving 1
giving 2
glad 1
glad 2
glad 3
glad 4
glad 5
glad 6
glad 7
glad 8
glad 11
glanced 1
glaring 1
glass 1
glass 2
glass 3
glass 4
glass 6
glass 10
globe 1
gloomily 1
gloves 1
gloves 3
gloves 6
gloves 11
go 1
go 2
go 3
go 4
go 5
go 6
go 7
go 9
go 11
go 13
go 15
go 17
go 20
go 23
go 26
go 29
go 32
go 35
go 39
go 44
go 50
goals 1
goes 1
goes 2
goes 3
goes 5
goes 7
going 1
going 2
going 3
going 4
going 5
going 6
going 7
going 8
going 9
going 10
going 11
going 13
going 15
going 18
going 22
going 27
golden 1
golden 2
golden 4
golden 7
goldfish 2
gone 1
gone 2
gone 3
gone 4
gone 5
gone 7
gone 10
gone 13
good 1
good 2
good 3
good 4
good 5
good 6
good 7
good 8
good 9
good 10
good 12
good 14
good 16
good 18
good 20
good 23
good 27
goose 1
goose 2
got 1
got 2
got 3
got 4
got 5
got 6
got 7
got 8
got 9
got 10
got 11
got 12
got 13
got 15
got 17
got 19
got 21
got 23
got 26
got 29
got 32
got 35
got 38
got 41
got 45
govern 1
graceful 1
grammar 1
grand 1
grand 2
grand 3
grant 1
granted 1
grass 1
grass 2
grass 4
gratefully 1
grave 1
grave 2
grave 3
gravely 1
gravely 2
gravely 3
gravy 1
grazed 1
great 1
great 2
great 3
great 4
great 5
great 6
great 7
great 8
great 9
great 10
great 11
great 12
great 13
great 14
great 16
great 18
great 20
great 22
great 24
great 27
great 30
great 34
great 39
green 1
green 4
grew 1
grey 1
grief 1
grin 1
grin 2
grin 3
grin 6
grinned 1
grinned 3
grinning 1
grins 1
gross 1
ground 1
ground 2
ground 3
ground 4
ground 5
ground 7
ground 9
group 1
grow 2
grow 4
grow 6
grow 9
grow 13
growing 1
growing 2
growing 3
growing 4
growing 5
growing 7
growing 11
growl 1
growl 2
growl 3
growled 1
growling 1
growls 1
grown 1
grown 2
grown 3
grown 4
grown 5
grown 7
grumbled 1
grunt 1
grunted 4
gryphon 10
gryphon 21
gryphon 34
gryphon 48
gryphon 50
gryphon 55
guard 1
guess 1
guess 2
guess 3
guessed 1
guessed 2
guessed 3
guests 1
guests 2
guests 3
guilt 1
guinea 1
guinea 2
guinea 6
gutenberg 2
gutenberg 26
gutenberg 54
gutenberg 58
gutenberg 98
had 1
had 2
had 3
had 13
had 24
had 35
had 46
had 58
had 71
had 73
had 75
had 78
had 81
had 84
had 87
had 91
had 95
had 100
had 106
had 112
had 118
had 124
had 131
had 138
had 145
had 153
had 161
had 169
had 178
hadn 1
hadn 2
hadn 3
hadn 4
hadn 5
hadn 6
hadn 8
hair 1
hair 2
hair 3
hair 4
hair 5
hair 6
hair 7
half 1
half 2
half 3
half 4
half 5
half 6
half 7
half 9
half 11
half 13
half 15
half 17
half 20
half 23
hall 1
hall 2
hall 5
hall 9
hand 1
hand 2
hand 3
hand 4
hand 5
hand 6
hand 7
hand 9
hand 11
hand 13
hand 15
hand 17
hand 21
handed 1
handed 2
handed 3
hands 1
hands 2
hands 3
hands 4
hands 5
hands 6
hands 7
hands 8
hands 10
hands 12
handsome 1
handwriting 1
hanging 1
hanging 2
hanging 3
happen 1
happen 2
happen 3
happen 4
happen 6
happen 8
happened 1
happened 2
happened 3
happened 5
happened 7
happening 1
happens 1
happens 2
happens 3
happens 5
happy 1
hard 1
hard 2
hard 3
hard 4
hard 5
hard 6
hard 8
hardly 1
hardly 2
hardly 3
hardly 4
hardly 5
hardly 6
hardly 7
hardly 8
hardly 10
hardly 12
hare 1
hare 2
hare 12
hare 14
hare 17
hare 23
hare 31
harm 1
harmless 1
hart 1
has 1
has 2
has 3
has 4
has 5
has 6
has 7
has 9
hasn 1
hasn 2
haste 1
hastily 1
hastily 2
hastily 3
hastily 4
hastily 5
hastily 6
hastily 7
hastily 8
hastily 9
hastily 10
hastily 11
hastily 12
hastily 14
hastily 16
hat 1
hatching 1
hate 1
hate 2
hated 1
hatter 1
hatter 2
hatter 3
hatter 20
hatter 38
hatter 40
hatter 47
hatter 56
hatters 1
have 1
have 2
have 3
have 4
have 5
have 7
have 9
have 11
have 13
have 15
have 17
have 19
have 21
have 23
have 25
have 27
have 30
have 33
have 36
have 39
have 42
have 45
have 48
have 51
have 55
have 59
have 63
have 68
have 74
have 80
have 87
haven 1
haven 2
haven 3
haven 4
haven 5
haven 6
haven 7
haven 8
having 1
having 2
having 3
having 4
having 5
having 6
having 7
having 8
having 9
having 10
he 1
he 2
he 3
he 4
he 5
he 6
he 7
he 17
he 30
he 32
he 34
he 36
he 39
he 42
he 46
he 50
he 54
he 58
he 63
he 68
he 74
he 80
he 87
he 94
he 102
he 110
he 119
he 128
head 1
head 2
head 3
head 4
head 5
head 6
head 7
head 8
head 9
head 10
head 12
head 14
head 16
head 18
head 20
head 23
head 26
head 30
head 34
head 39
head 44
head 50
heads 1
heads 2
heads 3
heads 4
heads 5
heads 7
heads 10
heap 1
hear 1
hear 2
hear 3
hear 4
hear 5
hear 6
hear 7
hear 8
hear 9
hear 10
hear 11
hear 13
hear 15
heard 1
heard 2
heard 3
heard 4
heard 5
heard 6
heard 8
heard 10
heard 12
heard 14
heard 16
heard 19
heard 22
heard 25
heard 30
hearing 1
hearing 2
hearing 3
hearing 4
heart 1
heart 2
hearth 1
hearthrug 1
hearts 1
hearts 4
hearts 8
heavy 1
heavy 2
hedge 1
hedge 2
hedgehog 3
hedgehog 7
hedgehogs 1
hedgehogs 3
hedges 1
heels 1
height 1
height 2
height 3
height 5
held 1
held 2
held 4
help 1
help 2
help 3
help 4
help 5
help 6
help 7
help 8
help 9
help 10
help 12
helped 1
helpless 1
her 10
her 20
her 30
her 40
her 53
her 66
her 80
her 95
her 110
her 128
her 146
her 148
her 150
her 179
her 182
her 185
her 188
her 192
her 196
her 200
her 205
her 210
her 217
her 224
her 231
her 239
her 248
herald 1
here 1
here 2
here 3
here 4
here 5
here 6
here 7
here 8
here 10
here 12
here 14
here 16
here 18
here 21
here 25
here 29
here 34
here 39
here 44
here 51
hers 1
hers 4
herself 1
herself 2
herself 3
herself 4
herself 5
herself 16
herself 18
herself 20
herself 22
herself 24
herself 26
herself 28
herself 31
herself 34
herself 37
herself 40
herself 43
herself 46
herself 50
herself 54
herself 58
herself 63
herself 68
herself 74
herself 83
hid 1
hide 1
high 1
high 2
high 3
high 4
high 5
high 6
high 8
high 10
high 13
high 16
highest 1
him 1
him 2
him 3
him 4
him 5
him 6
him 7
him 9
him 11
him 13
him 16
him 19
him 22
him 26
him 30
him 35
him 43
himself 1
himself 2
himself 3
himself 4
himself 5
himself 6
hint 1
hint 2
hippopotamus 1
his 1
his 2
his 3
his 4
his 6
his 8
his 10
his 12
his 14
his 17
his 20
his 23
his 26
his 30
his 34
his 38
his 43
his 48
his 54
his 60
his 66
his 73
his 80
his 87
his 96
hiss 1
histories 1
history 1
history 2
history 4
history 7
hit 1
hit 2
hjckrrh 1
hm 1
hoarse 1
hoarse 2
hoarse 3
hoarsely 1
hold 1
hold 2
hold 3
hold 4
hold 5
hold 6
hold 8
hold 11
holder 4
holding 1
holding 2
holding 3
hole 1
hole 2
hole 6
holiday 1
hollow 1
home 1
home 2
home 3
home 5
honest 1
honour 4
hookah 2
hookah 5
hope 1
hope 2
hope 4
hoped 1
hopeful 1
hopeless 1
hoping 1
hoping 2
hoping 3
horse 1
hot 1
hot 2
hot 3
hot 4
hot 5
hot 7
hour 1
hour 2
hours 2
hours 4
house 1
house 2
house 3
house 5
house 7
house 10
house 14
house 18
housemaid 1
houses 1
how 1
how 2
how 3
how 4
how 5
how 6
how 7
how 8
how 10
how 12
how 14
how 16
how 18
how 21
how 24
how 27
how 30
how 33
how 37
how 41
how 45
how 49
how 53
how 57
how 63
how 72
however 1
however 2
however 3
however 4
however 5
however 6
however 7
however 8
however 9
however 10
however 11
however 12
however 14
however 16
however 18
however 21
howled 1
howling 1
howling 3
https 1
humble 1
humbly 1
humbly 2
hundred 1
hundreds 1
hung 1
hungry 1
hungry 2
hungry 3
hunting 1
hunting 3
hurried 1
hurried 2
hurried 3
hurried 4
hurried 5
hurried 6
hurried 7
hurried 8
hurried 9
hurried 10
hurried 11
hurriedly 1
hurriedly 2
hurry 1
hurry 2
hurry 3
hurry 4
hurry 5
hurry 6
hurry 7
hurry 8
hurry 9
hurry 11
hurrying 1
hurt 1
hurt 2
hurt 3
hush 3
hypertext 1
i 10
i 20
i 31
i 43
i 55
i 67
i 80
i 94
i 108
i 123
i 139
i 156
i 175
i 195
i 217
i 240
i 265
i 290
i 317
i 320
i 350
i 381
i 413
i 450
i 489
i 529
i 534
i 540
i 546
idea 1
idea 2
idea 3
idea 4
idea 5
idea 6
idea 7
idea 8
idea 9
idea 11
idea 13
idea 15
identification 1
identify 1
idiot 1
idiotic 1
if 1
if 2
if 3
if 13
if 24
if 26
if 28
if 30
if 32
if 34
if 36
if 38
if 40
if 42
if 45
if 48
if 51
if 55
if 59
if 63
if 67
if 71
if 76
if 81
if 87
if 94
if 101
if 109
if 118
ignorant 1
ii 1
ii 2
iii 1
iii 2
ill 2
illustration 1
imagine 1
imagine 2
imitated 1
immediate 1
immediate 2
immediate 3
immediately 1
immediately 3
immense 1
impatient 1
impatiently 1
impatiently 2
impatiently 3
impatiently 4
impatiently 5
impertinent 1
implied 2
important 1
important 2
important 3
important 4
important 10
imposed 1
impossible 1
impossible 2
impossible 3
improve 1
in 10
in 20
in 30
in 40
in 51
in 62
in 74
in 86
in 98
in 111
in 124
in 137
in 151
in 165
in 180
in 195
in 210
in 225
in 241
in 257
in 274
in 292
in 310
in 329
in 351
in 374
in 398
in 404
in 410
in 417
in 426
in 435
inaccurate 1
incessantly 1
inches 1
inches 2
inches 4
inches 6
incidental 1
inclined 1
include 1
included 1
included 2
included 3
includes 1
including 1
including 4
including 9
incomplete 1
increasing 1
indeed 1
indeed 2
indeed 3
indeed 4
indeed 5
indeed 6
indeed 7
indeed 8
indeed 10
indeed 12
indeed 14
indeed 16
indemnify 1
indemnity 1
indicate 1
indicating 1
indignant 1
indignantly 1
indignantly 2
indignantly 3
indignantly 4
indirect 1
indirectly 1
individual 4
information 1
information 8
infringement 1
injure 1
ink 1
inkstand 1
inquired 1
inquisitively 1
inside 2
insolence 1
instance 1
instance 2
instance 3
instantly 1
instantly 2
instantly 3
instantly 5
instead 1
instead 2
instead 3
insult 1
intellectual 1
intellectual 2
interest 1
interesting 1
interesting 2
interesting 3
interesting 5
internal 1
international 1
interpreted 1
interrupt 1
interrupted 1
interrupted 2
interrupted 3
interrupted 4
interrupted 5
interrupted 7
interrupted 9
interrupting 1
interrupting 2
into 1
into 2
into 3
into 4
into 6
into 8
into 10
into 12
into 14
into 16
into 18
into 20
into 22
into 24
into 26
into 29
into 32
into 35
into 38
into 42
into 46
into 50
into 55
into 60
into 67
introduce 1
introduce 2
introduced 1
invalidity 1
invent 1
invented 1
invitation 2
invited 1
invited 2
involved 1
inwards 1
irons 1
irritated 1
irs 1
is 1
is 2
is 3
is 4
is 15
is 27
is 29
is 31
is 33
is 35
is 37
is 40
is 44
is 48
is 52
is 57
is 62
is 67
is 72
is 77
is 83
is 89
is 95
is 102
is 109
is 116
is 123
is 131
isn 1
isn 2
isn 3
isn 4
isn 7
it 10
it 21
it 32
it 44
it 56
it 69
it 84
it 99
it 114
it 130
it 146
it 162
it 164
it 184
it 205
it 226
it 248
it 270
it 293
it 318
it 321
it 351
it 381
it 411
it 441
it 473
it 508
it 546
it 587
it 593
it 601
it 610
its 1
its 2
its 3
its 4
its 5
its 6
its 7
its 8
its 9
its 10
its 11
its 13
its 15
its 17
its 19
its 22
its 25
its 28
its 32
its 36
its 40
its 45
its 51
its 60
itself 1
itself 2
itself 3
itself 5
itself 7
itself 9
itself 11
itself 14
iv 1
iv 2
ix 1
ix 2
jack 1
january 1
jar 2
jaw 1
jaws 1
jaws 2
jelly 1
jogged 1
join 9
joined 1
joined 2
joined 3
journey 1
joys 1
judge 2
judge 4
judging 1
jug 1
jumped 1
jumped 2
jumped 3
jumped 4
jumped 5
jumped 6
jumping 1
jumping 2
jumping 3
jumping 4
juror 1
jurors 4
jury 1
jury 3
jury 5
jury 10
jury 16
jury 22
jurymen 2
jurymen 4
just 1
just 2
just 3
just 4
just 5
just 6
just 8
just 10
just 12
just 14
just 16
just 18
just 20
just 22
just 24
just 26
just 28
just 30
just 33
just 36
just 40
just 44
just 48
just 52
justice 1
keep 1
keep 2
keep 3
keep 4
keep 5
keep 7
keep 9
keep 11
keep 13
keeping 2
keeping 4
kept 1
kept 2
kept 3
kept 4
kept 5
kept 6
kept 7
kept 8
kept 9
kept 10
kept 11
kept 13
kettle 1
key 1
key 2
key 4
key 9
kick 1
kick 3
kid 1
kid 2
kid 3
kid 5
kill 1
killing 1
kills 1
kind 1
kind 2
kind 3
kind 4
kind 5
kind 6
kind 8
kindly 1
kindly 2
king 11
king 23
king 35
king 37
king 39
king 41
king 45
king 54
king 63
kings 1
kiss 1
kissed 1
kitchen 1
kitchen 2
kitchen 4
knave 2
knave 4
knave 6
knave 9
knee 1
knee 2
knee 3
knee 5
kneel 1
knelt 1
knew 1
knew 2
knew 3
knew 4
knew 5
knew 6
knew 7
knew 8
knew 9
knew 11
knew 13
knew 15
knife 1
knife 2
knife 3
knock 1
knocked 1
knocking 1
knocking 3
knot 1
knot 2
know 1
know 2
know 3
know 4
know 5
know 7
know 9
know 11
know 13
know 15
know 17
know 19
know 22
know 25
know 28
know 31
know 34
know 37
know 41
know 45
know 50
know 55
know 60
know 66
know 73
know 80
know 88
knowing 1
knowing 2
knowledge 1
knowledge 2
knowledge 3
known 1
knows 1
knows 2
knuckles 1
label 1
label 2
labelled 1
lacie 1
lad 1
ladder 1
lady 1
lady 3
laid 1
laid 2
lake 1
lamps 1
land 1
language 1
languid 1
lap 1
lap 2
large 1
large 2
large 3
large 4
large 5
large 6
large 7
large 8
large 9
large 10
large 11
large 12
large 13
large 15
large 17
large 19
large 21
large 23
large 25
large 28
large 33
larger 1
larger 2
larger 3
larger 4
larger 5
larger 7
largest 1
lark 1
last 1
last 2
last 3
last 4
last 5
last 6
last 7
last 8
last 9
last 10
last 11
last 12
last 13
last 14
last 16
last 18
last 21
last 24
last 27
last 30
last 33
lasted 1
lasted 2
lastly 1
late 1
late 2
late 3
late 4
late 5
late 6
lately 1
later 1
later 3
latin 1
latitude 2
laugh 1
laughed 1
laughed 2
laughing 1
laughing 2
laughter 1
law 1
law 2
law 3
law 6
law 9
laws 1
laws 5
laws 10
lay 1
lay 2
lay 3
lay 4
lazily 1
lazy 1
leaders 1
leading 1
leaning 1
leaning 2
leant 1
leap 1
learn 1
learn 2
learn 3
learn 4
learn 6
learn 8
learned 1
learning 2
learnt 1
learnt 2
least 1
least 2
least 3
least 4
least 6
least 9
leave 1
leave 2
leave 3
leave 4
leave 5
leave 6
leave 7
leave 9
leaves 1
leaves 2
leaves 3
leaves 6
leaving 1
led 1
led 2
led 3
led 4
ledge 1
left 1
left 2
left 3
left 4
left 5
left 7
left 9
left 11
left 14
lefthand 1
lefthand 2
legal 1
legal 2
legally 1
legged 1
legged 2
legs 1
legs 2
legs 3
length 1
less 1
less 2
less 3
less 4
lessen 1
lesson 1
lesson 2
lesson 3
lessons 1
lessons 2
lessons 3
lessons 4
lessons 5
lessons 7
lessons 10
lest 1
let 1
let 2
let 3
let 4
let 5
let 6
let 7
let 9
let 11
let 13
let 15
let 18
let 22
letter 1
letter 3
letters 1
lewis 3
liability 1
liability 3
liable 1
library 1
license 1
license 15
license 18
licensed 1
licking 1
lie 2
lieu 2
life 1
life 2
life 3
life 4
life 5
life 6
life 7
life 8
life 9
life 10
life 11
life 13
lifted 1
like 1
like 2
like 3
like 4
like 5
like 6
like 8
like 10
like 12
like 14
like 16
like 19
like 22
like 25
like 28
like 32
like 36
like 40
like 45
like 50
like 55
like 61
like 68
like 76
like 85
liked 1
liked 2
liked 4
liked 6
likely 1
likely 2
likely 3
likely 4
likely 5
likes 1
limbs 1
limitation 3
limited 5
line 1
line 2
lines 1
linked 1
linked 2
links 1
links 2
links 3
lips 1
list 1
list 3
listen 1
listen 2
listen 3
listen 4
listen 5
listen 6
listen 7
listened 1
listeners 1
listening 1
listening 2
listening 3
lit 1
literary 1
literary 6
literary 13
little 1
little 2
little 3
little 4
little 5
little 15
little 28
little 41
little 43
little 46
little 49
little 52
little 55
little 58
little 61
little 65
little 69
little 73
little 78
little 83
little 90
little 97
little 104
little 112
little 120
little 129
live 1
live 2
live 3
live 5
live 8
lived 1
lived 3
livery 3
lives 1
lives 2
lives 4
living 1
living 2
lizard 1
lizard 2
lizard 4
lizard 6
ll 1
ll 2
ll 3
ll 4
ll 5
ll 6
ll 7
ll 8
ll 10
ll 12
ll 14
ll 17
ll 20
ll 23
ll 29
ll 35
ll 41
ll 49
ll 57
lobster 1
lobster 4
lobster 8
lobsters 2
lobsters 7
located 1
located 3
located 7
locations 1
lock 1
locked 1
locks 1
locks 2
lodging 1
london 1
lonely 1
lonely 2
long 1
long 2
long 3
long 4
long 5
long 6
long 7
long 8
long 9
long 10
long 11
long 13
long 15
long 17
long 20
long 23
long 26
long 30
long 34
longed 1
longed 2
longer 1
longer 2
longer 3
longitude 2
look 1
look 2
look 3
look 4
look 5
look 6
look 7
look 8
look 9
look 10
look 11
look 12
look 13
look 15
look 17
look 19
look 21
look 24
look 29
looked 1
looked 2
looked 3
looked 4
looked 5
looked 6
looked 7
looked 8
looked 10
looked 12
looked 14
looked 16
looked 18
looked 20
looked 22
looked 24
looked 26
looked 29
looked 32
looked 35
looked 39
looked 45
looking 1
looking 2
looking 3
looking 4
looking 5
looking 6
looking 7
looking 9
looking 11
looking 13
looking 15
looking 17
looking 20
looking 23
looking 27
looking 32
loose 1
loose 2
lory 2
lory 7
lose 1
losing 1
lost 1
lost 2
lost 3
lot 1
loud 1
loud 2
loud 3
loud 4
loud 6
louder 1
loudly 1
loudly 2
loudly 3
love 1
love 3
loveliest 1
lovely 1
lovely 2
loving 1
low 1
low 2
low 3
low 4
low 5
low 6
low 7
low 8
low 9
low 11
low 13
low 15
lower 1
lowing 1
luckily 1
luckily 2
lullaby 1
lying 1
lying 2
lying 3
lying 4
lying 6
lying 8
m 1
m 2
m 3
m 4
m 5
m 7
m 11
m 15
m 19
m 23
m 28
m 33
m 38
m 45
m 54
m 63
ma 1
ma 2
ma 3
mabel 2
mabel 4
machine 1
machines 1
mad 1
mad 2
mad 3
mad 7
mad 16
made 1
made 2
made 3
made 4
made 5
made 6
made 7
made 8
made 9
made 11
made 13
made 15
made 17
made 19
made 22
made 25
made 30
magic 1
magpie 1
mail 1
main 1
maintaining 1
majesty 1
majesty 2
majesty 3
majesty 5
majesty 7
majesty 9
majesty 12
make 1
make 2
make 3
make 4
make 5
make 6
make 7
make 8
make 9
make 10
make 11
make 12
make 13
make 15
make 17
make 19
make 21
make 24
make 27
make 30
makes 1
makes 2
makes 3
makes 4
makes 5
makes 7
makes 12
making 1
making 2
making 3
making 4
making 5
making 6
making 7
making 8
mallets 1
man 1
man 2
man 5
manage 1
manage 2
manage 3
manage 4
manage 5
manage 7
managed 1
managed 2
managed 3
managed 4
manager 1
managing 1
manner 1
manner 2
manners 1
many 1
many 2
many 3
many 4
many 5
many 6
many 7
many 8
many 9
many 10
many 11
many 12
many 14
maps 1
march 1
march 2
march 13
march 16
march 19
march 26
march 34
marched 1
mark 1
mark 2
mark 3
marked 1
marked 2
marked 3
marked 5
marked 8
marmalade 1
mary 1
mary 4
master 1
master 2
master 4
matter 1
matter 2
matter 3
matter 4
matter 5
matter 7
matter 9
matters 1
matters 2
maximum 1
may 1
may 2
may 3
may 4
may 5
may 6
may 7
may 8
may 9
may 11
may 14
may 21
may 28
maybe 1
maybe 2
mayn 1
me 1
me 2
me 13
me 15
me 17
me 19
me 21
me 23
me 25
me 27
me 30
me 33
me 36
me 39
me 42
me 46
me 50
me 55
me 61
me 68
meal 1
mean 1
mean 2
mean 3
mean 4
mean 7
mean 10
meaning 1
meaning 2
meaning 3
meaning 4
meaning 8
means 1
means 2
means 3
means 4
means 6
means 8
meant 1
meant 2
meant 3
meant 4
meant 5
meanwhile 1
measure 1
meat 1
medium 5
meekly 1
meekly 2
meet 1
meet 2
meet 3
meeting 1
melancholy 1
melancholy 2
melancholy 3
melancholy 4
melancholy 6
memorandum 1
memory 1
men 1
mentioned 1
mentioned 2
mentioned 3
merchantability 1
mercia 2
merely 1
merely 2
merrily 1
messages 2
met 1
met 2
met 3
met 4
method 1
methods 1
mice 1
mice 2
mice 3
mice 4
michael 1
middle 1
middle 2
middle 3
middle 4
middle 5
middle 6
middle 7
middle 8
might 1
might 2
might 3
might 4
might 5
might 6
might 7
might 8
might 10
might 12
might 15
might 18
might 21
might 24
might 28
mile 2
miles 1
miles 3
milk 1
milk 2
millennium 1
mind 1
mind 2
mind 3
mind 4
mind 5
mind 6
mind 7
mind 8
mind 9
mind 11
minded 1
minding 1
mine 1
mine 2
mine 3
mine 4
mine 5
mine 6
mine 8
mine 10
mineral 1
minute 1
minute 2
minute 3
minute 4
minute 5
minute 7
minute 9
minute 11
minute 13
minute 16
minute 21
minutes 1
minutes 2
minutes 3
minutes 4
minutes 5
minutes 6
minutes 7
minutes 9
minutes 11
mischief 1
miserable 1
miserable 2
miss 1
miss 2
miss 4
missed 1
missed 2
mission 2
mission 4
mississippi 1
mistake 1
mistake 2
mistake 3
mixed 1
mixed 2
mock 1
mock 2
mock 3
mock 13
mock 25
mock 39
mock 55
mock 57
moderate 1
modern 1
modification 1
modified 1
moment 1
moment 2
moment 3
moment 4
moment 5
moment 6
moment 8
moment 10
moment 12
moment 14
moment 16
moment 18
moment 21
moment 24
moment 27
moment 31
money 3
month 1
month 2
moon 1
moral 8
morals 1
morcar 2
more 1
more 2
more 3
more 4
more 5
more 6
more 7
more 8
more 9
more 11
more 13
more 15
more 17
more 19
more 21
more 23
more 25
more 27
more 29
more 32
more 35
more 38
more 41
more 44
more 50
morning 1
morning 2
morning 3
morning 4
morning 5
morsel 1
most 1
most 2
most 3
most 4
most 5
most 6
most 7
most 9
most 11
most 14
mostly 1
mostly 2
mournful 1
mournfully 1
mouse 1
mouse 2
mouse 3
mouse 4
mouse 16
mouse 36
mouse 44
mouth 1
mouth 2
mouth 3
mouth 5
mouth 7
mouth 10
mouths 1
mouths 4
move 1
move 2
move 3
moved 1
moved 2
moved 3
moved 5
moving 1
moving 2
moving 3
much 1
much 2
much 3
much 4
much 5
much 6
much 7
much 8
much 10
much 12
much 14
much 16
much 18
much 20
much 23
much 26
much 30
much 34
much 38
much 42
much 47
much 52
muchness 1
muchness 3
muddle 1
multiplication 1
murder 1
murdering 1
muscular 1
mushroom 1
mushroom 2
mushroom 3
mushroom 4
mushroom 5
mushroom 8
music 1
music 2
music 3
must 1
must 2
must 3
must 4
must 5
must 6
must 7
must 8
must 9
must 10
must 11
must 12
must 14
must 16
must 18
must 20
must 22
must 25
must 29
must 33
must 38
must 43
must 48
must 54
mustard 3
muttered 1
muttered 2
muttering 1
muttering 2
muttering 3
my 1
my 2
my 3
my 4
my 5
my 6
my 7
my 8
my 9
my 10
my 11
my 13
my 15
my 17
my 19
my 22
my 25
my 28
my 31
my 34
my 37
my 41
my 46
my 52
my 58
myself 1
myself 2
myself 3
myself 4
myself 7
mystery 2
name 1
name 2
name 3
name 4
name 5
name 6
name 7
name 9
name 11
named 1
names 1
names 2
narrow 1
narrow 2
nasty 1
natural 1
natural 2
natural 3
natural 4
natured 1
naturedly 1
nay 1
near 1
near 2
near 3
near 4
near 5
near 6
near 7
near 8
near 10
near 12
near 15
nearer 1
nearer 2
nearer 3
nearer 4
nearer 5
nearly 1
nearly 2
nearly 3
nearly 4
nearly 5
nearly 7
nearly 9
nearly 11
nearly 13
neat 1
neatly 1
neatly 2
necessarily 1
neck 1
neck 2
neck 3
neck 5
neck 7
need 1
needn 1
needn 2
needn 3
needs 1
negligence 1
neighbour 1
neighbouring 1
neither 1
neither 2
nervous 1
nervous 2
nervous 3
nervous 5
nest 1
network 1
never 1
never 2
never 3
never 4
never 5
never 6
never 7
never 8
never 9
never 10
never 11
never 13
never 15
never 17
never 19
never 22
never 25
never 28
never 32
never 36
never 42
never 48
nevertheless 1
new 1
new 2
new 3
new 4
new 5
new 8
newsletter 1
newspapers 1
next 1
next 2
next 3
next 4
next 5
next 6
next 7
next 8
next 9
next 11
next 13
next 15
next 18
next 21
next 25
next 30
nibbled 1
nibbled 2
nibbling 1
nibbling 3
nice 1
nice 2
nice 4
nice 6
nicely 1
nicely 2
night 1
night 2
night 3
night 4
night 5
nile 1
nine 1
nine 2
nine 3
nine 4
nine 5
no 1
no 2
no 3
no 5
no 7
no 9
no 11
no 13
no 15
no 17
no 20
no 23
no 26
no 29
no 32
no 35
no 38
no 41
no 45
no 49
no 53
no 57
no 61
no 65
no 69
no 74
no 79
no 85
no 91
no 100
nobody 1
nobody 2
nobody 3
nobody 4
nobody 6
nobody 8
nodded 1
noise 1
noise 3
noises 1
non 1
none 1
none 2
none 3
none 4
nonproprietary 1
nonsense 1
nonsense 2
nonsense 3
nonsense 4
nonsense 5
nonsense 6
nonsense 7
nor 1
nor 2
nor 3
normans 1
north 1
northumbria 2
nose 1
nose 2
nose 4
nose 6
nose 8
not 1
not 11
not 24
not 37
not 39
not 41
not 43
not 45
not 48
not 51
not 54
not 58
not 62
not 66
not 70
not 74
not 78
not 82
not 87
not 92
not 97
not 102
not 108
not 114
not 120
not 126
not 133
not 140
not 148
not 156
not 164
not 173
note 1
note 2
nothing 1
nothing 2
nothing 3
nothing 4
nothing 5
nothing 6
nothing 7
nothing 8
nothing 9
nothing 10
nothing 11
nothing 12
nothing 14
nothing 16
nothing 18
nothing 20
nothing 22
nothing 25
nothing 28
nothing 31
nothing 34
notice 1
notice 2
notice 3
notice 4
notice 5
notice 6
notice 7
notice 8
noticed 1
noticed 2
noticed 3
noticed 4
noticed 5
noticed 6
noticed 7
noticed 8
noticing 1
notifies 1
notion 1
notion 2
notion 3
now 1
now 2
now 3
now 4
now 5
now 6
now 7
now 9
now 11
now 13
now 15
now 17
now 19
now 21
now 23
now 25
now 28
now 31
now 34
now 37
now 40
now 43
now 47
now 52
now 60
nowhere 1
nowhere 2
number 1
number 2
number 3
number 4
number 5
number 8
nurse 1
nurse 2
nurse 3
nursing 1
nursing 3
o 3
o 7
obliged 1
obliged 3
oblong 1
obsolete 1
obstacle 1
obtain 1
obtain 3
obtaining 1
obtaining 2
occasional 1
occasionally 1
occur 1
occurred 1
occurred 2
october 1
odd 1
of 10
of 20
of 30
of 42
of 54
of 66
of 79
of 94
of 109
of 125
of 141
of 158
of 177
of 196
of 216
of 236
of 257
of 278
of 300
of 322
of 344
of 368
of 392
of 418
of 445
of 473
of 503
of 534
of 576
of 621
of 629
of 638
off 1
off 2
off 3
off 4
off 5
off 6
off 7
off 8
off 10
off 12
off 14
off 16
off 18
off 20
off 22
off 25
off 28
off 31
off 36
off 41
off 46
off 51
off 57
off 64
off 73
offend 1
offended 1
offended 2
offended 3
offended 4
offended 5
offended 6
offended 8
offended 10
offer 1
offer 2
offers 1
office 1
officer 1
officers 1
officers 4
official 1
official 3
often 1
often 2
often 3
often 4
often 6
oh 1
oh 2
oh 3
oh 4
oh 6
oh 8
oh 10
oh 12
oh 14
oh 16
oh 19
oh 23
oh 27
oh 32
oh 38
oh 45
ointment 1
old 1
old 2
old 3
old 4
old 5
old 6
old 8
old 10
old 12
old 14
old 17
old 21
older 1
older 2
oldest 1
on 10
on 21
on 33
on 46
on 60
on 62
on 64
on 67
on 70
on 73
on 77
on 81
on 85
on 90
on 95
on 100
on 105
on 110
on 116
on 122
on 128
on 134
on 141
on 148
on 155
on 163
on 171
on 179
on 187
on 195
on 204
once 1
once 2
once 3
once 4
once 5
once 7
once 9
once 11
once 13
once 15
once 17
once 19
once 21
once 23
once 25
once 28
once 31
once 34
one 1
one 2
one 3
one 5
one 7
one 9
one 11
one 14
one 17
one 20
one 23
one 26
one 30
one 34
one 38
one 42
one 46
one 50
one 54
one 58
one 63
one 68
one 73
one 78
one 84
one 90
one 97
one 106
ones 1
oneself 1
onions 1
online 1
online 2
online 4
only 1
only 2
only 3
only 4
only 5
only 6
only 7
only 8
only 9
only 10
only 11
only 12
only 14
only 16
only 18
only 20
only 22
only 25
only 28
only 31
only 34
only 37
only 40
only 43
only 47
only 52
oop 3
oop 7
ootiful 1
ootiful 4
open 1
open 2
open 3
open 4
open 5
open 6
open 7
opened 1
opened 2
opened 3
opened 4
opened 5
opened 6
opened 7
opened 8
opened 10
opening 1
opening 2
opening 3
opinion 1
opportunities 1
opportunity 1
opportunity 2
opportunity 3
opportunity 4
opportunity 5
opportunity 6
opportunity 7
opportunity 9
opposite 1
or 1
or 2
or 3
or 4
or 5
or 6
or 8
or 10
or 12
or 14
or 16
or 43
or 46
or 49
or 52
or 55
or 58
or 61
or 64
or 67
or 71
or 75
or 79
or 83
or 123
or 128
or 133
or 138
or 146
or 155
orange 1
order 1
order 2
order 3
ordered 1
ordered 4
ordering 1
ordering 2
org 1
org 2
org 3
org 5
org 10
organized 1
original 1
originator 1
ornamented 2
other 1
other 2
other 3
other 4
other 5
other 6
other 7
other 8
other 10
other 12
other 14
other 16
other 18
other 20
other 22
other 24
other 26
other 29
other 32
other 35
other 38
other 42
other 48
other 57
others 1
others 2
others 3
others 4
others 5
others 8
otherwise 1
otherwise 4
ought 1
ought 2
ought 3
ought 4
ought 5
ought 6
ought 7
ought 8
ought 10
ought 12
ought 14
our 2
our 5
our 8
our 12
ours 1
ourselves 1
out 1
out 2
out 3
out 13
out 23
out 25
out 27
out 29
out 31
out 33
out 35
out 37
out 39
out 42
out 45
out 48
out 51
out 54
out 58
out 62
out 66
out 71
out 76
out 81
out 87
out 94
out 101
out 109
out 118
outdated 1
outside 1
outside 2
outside 3
outside 4
outside 5
outside 6
over 1
over 2
over 3
over 4
over 5
over 6
over 7
over 8
over 9
over 10
over 12
over 14
over 16
over 18
over 20
over 22
over 24
over 26
over 29
over 32
over 36
over 40
overcome 1
overhead 1
owed 1
owl 3
own 1
own 2
own 3
own 4
own 5
own 6
own 8
own 10
owner 1
owner 4
owns 1
owns 2
oyster 1
p 1
pace 1
pack 1
pack 3
pack 5
page 2
pages 1
paid 2
paid 6
paint 1
painting 2
pair 1
pair 3
pair 5
pairs 1
pale 1
pale 2
pale 3
pale 4
pan 1
panted 1
panther 3
panting 1
panting 2
paper 1
paper 2
paper 5
paperwork 1
paragraph 3
paragraph 11
paragraphs 3
parchment 2
pardon 1
pardon 2
pardon 3
pardon 4
pardon 6
pardoned 1
paris 2
part 1
part 2
part 3
part 6
particular 1
particular 2
particular 3
particular 4
particular 6
particularly 1
partner 1
partners 1
parts 1
parts 2
parts 3
party 1
party 2
party 3
party 4
party 6
party 8
party 12
pass 1
passage 1
passage 4
passed 1
passed 2
passed 3
passed 5
passing 1
passion 1
passion 2
passion 3
passionate 1
past 1
past 3
pat 3
patience 1
patiently 1
patiently 2
patriotic 1
patted 1
pattering 1
pattering 2
pattering 3
pattern 1
pause 1
pause 2
paused 1
paw 1
paw 3
paws 1
paws 2
paws 4
pay 1
paying 1
paying 3
payments 1
payments 3
pebbles 2
peeped 1
peeped 2
peeped 3
peeping 1
peering 1
pegs 1
pence 1
pencil 1
pencil 2
pencils 1
pennyworth 1
people 1
people 2
people 3
people 4
people 6
people 8
people 10
people 12
people 14
people 16
pepper 1
pepper 2
pepper 3
pepper 4
pepper 5
pepper 7
pepper 9
perfectly 1
perfectly 2
perfectly 3
perfectly 4
perform 1
performances 1
performed 1
performing 1
performing 3
perhaps 1
perhaps 2
perhaps 3
perhaps 4
perhaps 5
perhaps 6
perhaps 7
perhaps 8
perhaps 9
perhaps 11
perhaps 14
perhaps 17
periodic 1
permanent 1
permission 1
permission 2
permission 6
permitted 1
permitted 2
permitted 3
persisted 1
persisted 2
person 1
person 2
person 3
person 4
person 5
person 8
personal 1
personal 2
persons 1
pet 1
pg 1
pglaf 1
phrase 4
physical 2
picked 1
picked 2
picked 3
picking 1
picking 2
picture 1
pictured 1
pictures 1
pictures 4
pie 3
piece 1
piece 2
piece 3
piece 4
piece 6
pieces 1
pieces 3
pig 1
pig 2
pig 3
pig 4
pig 6
pig 9
pig 12
pigeon 4
pigeon 12
pigs 1
pigs 2
pigs 3
pigs 4
pigs 6
pinch 1
pinch 2
pinched 2
pine 1
pink 1
piteous 1
pitied 1
pity 1
pity 3
place 1
place 2
place 3
place 4
place 6
place 9
placed 1
places 1
places 2
plain 2
plainly 1
plan 1
plan 2
plan 4
planning 1
plate 1
plate 2
plate 3
plates 1
plates 2
play 1
play 2
play 3
play 4
play 6
play 8
played 1
players 1
players 2
players 4
playing 1
playing 2
pleaded 1
pleaded 2
pleaded 3
pleasant 1
pleasanter 1
please 1
please 2
please 3
please 4
please 5
please 6
please 7
please 8
please 9
please 11
please 13
please 15
please 17
please 19
please 22
pleased 1
pleased 2
pleased 4
pleased 7
pleases 1
pleasing 1
pleasure 1
pleasure 2
plenty 1
plenty 2
pocket 1
pocket 2
pocket 3
pocket 5
pocket 7
pointed 1
pointing 1
pointing 2
pointing 3
pointing 4
poison 3
poker 1
poky 1
politely 1
politely 2
politely 3
politely 4
politely 5
politely 6
pool 1
pool 2
pool 4
pool 6
pool 12
poor 1
poor 2
poor 3
poor 4
poor 5
poor 6
poor 8
poor 10
poor 12
poor 14
poor 17
poor 20
poor 23
poor 27
pop 1
pope 1
porpoise 4
position 1
position 2
positively 1
possessed 1
possession 1
possibility 1
possible 1
possibly 1
possibly 2
possibly 3
posted 1
posted 4
pot 1
pounds 1
pour 1
poured 1
powdered 1
practically 1
practice 1
pray 1
pray 3
precious 1
prepare 2
present 1
present 3
presented 1
presently 1
presently 2
presents 1
presents 2
preserve 1
pressed 1
pressed 2
pressed 3
pressing 1
pretend 1
pretending 1
pretexts 1
prettier 1
pretty 1
prevent 1
prevent 2
previous 1
print 1
printed 1
printed 2
printed 3
prison 1
prisoner 2
prize 1
prizes 5
problem 1
proceed 1
proceed 2
processing 1
procession 2
procession 5
processions 1
produce 1
produced 1
produced 2
produced 3
producing 1
production 1
professor 1
profit 1
profits 1
prohibition 1
project 1
project 24
project 47
project 50
project 88
prominently 1
prominently 2
promise 1
promised 1
promising 1
promoting 2
promotion 1
pronounced 1
proofread 1
proper 1
proper 3
property 1
property 2
proposal 1
proprietary 1
prosecute 1
protect 2
protected 1
protected 2
protected 3
protected 5
protection 1
proud 1
proud 2
prove 1
proved 1
proved 2
proves 2
provide 2
provide 7
provided 4
providing 1
providing 2
providing 4
provision 1
provisions 1
provoking 1
public 1
public 3
puffed 1
pulled 1
pulling 1
pun 1
punching 1
punished 1
punitive 1
puppy 7
purple 1
purpose 1
purpose 2
purpose 3
purring 1
purring 2
push 1
puss 1
put 1
put 2
put 3
put 4
put 5
put 6
put 7
put 8
put 10
put 12
put 14
put 16
put 18
put 20
put 22
put 25
put 28
put 31
putting 1
putting 2
putting 3
puzzle 1
puzzled 1
puzzled 2
puzzled 3
puzzled 4
puzzled 5
puzzled 6
puzzled 7
puzzled 9
puzzling 1
puzzling 2
puzzling 3
puzzling 4
quadrille 1
quadrille 3
quadrille 5
quarrel 1
quarrelled 1
quarrelling 1
quarrelling 2
queen 1
queen 11
queen 21
queen 32
queen 48
queen 50
queen 52
queen 54
queen 56
queen 58
queen 61
queen 65
queen 69
queen 76
queens 1
queer 1
queer 2
queer 3
queer 4
queer 5
queer 6
queer 8
queer 10
queer 12
queerest 1
question 1
question 2
question 3
question 4
question 5
question 6
question 7
question 8
question 9
question 10
question 11
question 13
question 17
questions 1
questions 2
questions 3
questions 4
quick 1
quick 2
quicker 1
quickly 1
quickly 2
quiet 1
quiet 2
quietly 1
quietly 2
quietly 3
quietly 4
quietly 5
quite 1
quite 2
quite 3
quite 4
quite 5
quite 6
quite 8
quite 10
quite 12
quite 14
quite 17
quite 20
quite 23
quite 26
quite 30
quite 34
quite 38
quite 42
quite 46
quite 50
quite 55
quiver 1
rabbit 1
rabbit 2
rabbit 3
rabbit 4
rabbit 6
rabbit 9
rabbit 12
rabbit 15
rabbit 19
rabbit 24
rabbit 29
rabbit 35
rabbit 44
rabbit 53
rabbits 1
race 1
race 7
railway 2
raised 1
raised 2
raising 1
ran 1
ran 2
ran 3
ran 4
ran 6
ran 8
ran 10
ran 12
ran 16
rapidly 1
rapidly 2
rapped 1
rat 1
rate 1
rate 2
rate 3
rate 4
rate 5
rate 6
rate 7
rate 9
rather 1
rather 2
rather 3
rather 4
rather 5
rather 6
rather 7
rather 8
rather 9
rather 10
rather 11
rather 12
rather 13
rather 15
rather 17
rather 19
rather 21
rather 23
rather 25
rats 1
rattle 1
rattling 1
rattling 2
raven 1
ravens 1
raving 2
raw 1
re 1
re 2
re 3
re 4
re 5
re 6
re 7
re 8
re 9
re 10
re 11
re 12
re 14
re 16
re 18
re 20
re 23
re 27
re 33
re 40
reach 1
reach 2
reach 3
reach 4
reaching 1
reaching 2
read 1
read 2
read 3
read 4
read 5
read 7
read 9
read 11
read 14
readable 2
readily 1
reading 1
reading 2
reading 3
reading 4
ready 1
ready 2
ready 3
ready 4
ready 5
ready 6
ready 8
real 1
real 2
real 3
reality 1
really 1
really 2
really 3
really 4
really 5
really 6
really 7
really 8
really 9
really 11
really 13
rearing 1
reason 1
reason 2
reason 3
reason 4
reason 6
reason 9
reasonable 1
reasonable 2
reasons 1
receipt 2
receive 2
received 1
received 3
received 6
receiving 1
recently 1
recognised 1
recovered 1
recovered 2
red 1
red 3
redistribute 1
redistributing 2
redistribution 2
reduced 1
reeds 1
reeling 1
references 2
refreshments 1
refund 1
refund 10
refused 1
registered 2
regular 1
regular 2
regulating 1
release 1
relief 1
relief 2
relieved 1
remain 1
remain 2
remained 1
remained 2
remained 3
remaining 1
remaining 2
remark 1
remark 2
remark 3
remark 5
remark 7
remark 10
remarkable 1
remarkable 2
remarked 1
remarked 2
remarked 3
remarked 4
remarked 5
remarked 6
remarked 7
remarked 8
remarked 10
remarking 1
remarking 2
remarking 3
remarks 1
remarks 2
remarks 3
remedies 1
remedies 2
remember 1
remember 2
remember 3
remember 4
remember 5
remember 6
remember 7
remember 9
remember 11
remember 14
remembered 1
remembered 3
remembered 5
remembering 1
reminding 1
remove 1
removed 2
removed 4
renamed 1
repeat 1
repeat 2
repeat 3
repeat 7
repeated 1
repeated 2
repeated 3
repeated 4
repeated 5
repeated 6
repeated 7
repeated 8
repeated 10
repeating 1
repeating 3
replace 1
replacement 5
replied 1
replied 2
replied 3
replied 4
replied 6
replied 8
replied 10
replied 12
replied 14
replied 18
replied 23
replied 29
reply 1
reply 2
reply 3
reply 4
reply 5
reported 1
reports 1
representations 1
request 1
require 1
required 1
requirements 1
requirements 4
research 1
research 2
resource 1
respect 1
respectable 1
respectful 1
rest 1
rest 2
rest 3
rest 4
rest 5
rest 6
rest 7
rest 8
rest 10
resting 1
resting 2
restrictions 1
restrictions 2
result 1
retire 1
return 1
return 3
returned 1
returned 2
returning 1
returns 1
revenue 1
rich 1
riddle 1
riddles 1
riddles 2
ridge 1
ridges 1
ridiculous 1
right 1
right 2
right 3
right 4
right 5
right 6
right 7
right 8
right 9
right 11
right 13
right 15
right 17
right 20
right 23
right 26
right 29
right 32
right 36
righthand 1
rightly 1
ring 1
ring 2
ringlets 2
riper 1
rippling 1
rise 1
rises 1
rising 1
roared 1
roast 1
rock 1
rocket 1
rome 2
roof 1
roof 2
roof 3
roof 4
roof 6
room 1
room 2
room 3
room 6
room 13
roots 1
roots 2
rope 1
rose 1
rose 2
rose 5
roses 1
roses 3
roughly 1
round 1
round 2
round 3
round 4
round 5
round 6
round 7
round 8
round 9
round 11
round 13
round 15
round 17
round 19
round 21
round 24
round 27
round 30
round 33
round 36
round 41
row 1
row 2
royal 1
royal 2
royalties 1
royalties 3
royalty 3
rubbed 1
rubbing 1
rubbing 2
rude 1
rude 2
rudeness 1
rule 1
rule 2
rule 3
rule 5
rules 1
rules 2
rules 4
rumbling 1
run 1
run 2
run 3
run 4
running 1
running 2
running 3
running 4
running 5
running 6
running 8
rush 2
rushed 1
rustled 1
rustling 1
s 1
s 2
s 12
s 22
s 33
s 45
s 59
s 74
s 89
s 91
s 93
s 95
s 97
s 100
s 103
s 107
s 111
s 116
s 121
s 127
s 133
s 139
s 145
s 151
s 159
s 168
s 177
s 186
s 195
s 204
s 213
s 222
sad 1
sad 3
sadly 1
sadly 2
sadly 3
sadly 5
safe 1
safe 2
sage 1
said 1
said 11
said 24
said 38
said 52
said 66
said 81
said 97
said 113
said 131
said 150
said 169
said 188
said 208
said 228
said 248
said 268
said 289
said 310
said 333
said 356
said 379
said 404
said 430
said 434
said 439
said 446
said 453
said 462
salmon 1
salt 1
salt 2
salt 3
same 1
same 2
same 3
same 4
same 5
same 6
same 7
same 8
same 9
same 11
same 13
same 19
same 25
sand 1
sands 1
sang 1
sang 2
sat 1
sat 2
sat 3
sat 4
sat 5
sat 6
sat 7
sat 9
sat 11
sat 13
sat 17
saucepan 1
saucepans 1
saucer 1
savage 1
savage 2
savage 3
savage 4
save 1
saves 1
saw 1
saw 2
saw 3
saw 4
saw 5
saw 6
saw 7
saw 8
saw 9
saw 11
saw 14
say 1
say 2
say 3
say 4
say 5
say 6
say 7
say 8
say 9
say 10
say 11
say 12
say 13
say 14
say 16
say 18
say 20
say 22
say 24
say 26
say 29
say 32
say 35
say 39
say 45
say 51
saying 1
saying 2
saying 3
saying 4
saying 5
saying 6
saying 7
saying 8
saying 9
saying 11
saying 13
saying 15
says 1
says 2
says 4
scale 1
scaly 1
school 1
school 2
school 6
schoolroom 1
scolded 1
scrambling 1
scratching 1
scream 1
scream 2
screamed 1
screamed 2
screamed 4
screaming 1
scroll 2
sea 1
sea 3
sea 5
sea 9
sea 14
seals 1
seaography 1
search 1
search 2
seaside 1
seated 1
second 1
second 2
second 3
second 4
second 6
secondly 1
secondly 2
secret 1
section 1
section 3
section 7
sections 1
secure 1
see 1
see 2
see 3
see 4
see 5
see 6
see 8
see 10
see 12
see 14
see 16
see 18
see 20
see 22
see 24
see 26
see 28
see 31
see 34
see 37
see 41
see 45
see 49
see 54
see 59
see 64
see 70
seeing 1
seem 1
seem 2
seem 3
seem 4
seem 5
seem 6
seem 7
seem 8
seemed 1
seemed 2
seemed 3
seemed 4
seemed 5
seemed 6
seemed 7
seemed 8
seemed 9
seemed 10
seemed 11
seemed 12
seemed 14
seemed 16
seemed 18
seemed 21
seemed 24
seemed 27
seems 1
seems 2
seems 3
seems 4
seems 5
seen 1
seen 2
seen 3
seen 4
seen 5
seen 6
seen 8
seen 10
seen 12
seen 15
seldom 1
sell 1
sell 2
send 1
send 2
sending 1
sending 2
sending 3
sends 1
sends 2
sensation 1
sensation 2
sense 1
sense 2
sense 3
sent 1
sent 2
sent 3
sentence 1
sentence 2
sentence 3
sentence 4
sentence 5
sentence 6
sentence 8
sentenced 1
series 1
seriously 1
serpent 4
serpent 9
serpents 1
serpents 3
service 1
set 1
set 2
set 3
set 4
set 5
set 6
set 7
set 8
set 10
set 12
set 15
set 18
set 23
setting 1
settle 1
settled 1
settled 2
settled 3
settling 1
seven 1
seven 6
several 1
several 2
several 3
several 4
several 5
severely 1
severely 2
severely 3
severely 4
severity 1
sh 2
shade 1
shake 1
shakespeare 1
shaking 1
shaking 2
shaking 3
shall 1
shall 2
shall 3
shall 4
shall 5
shall 6
shall 7
shall 8
shall 9
shall 11
shall 13
shall 15
shall 17
shall 19
shall 21
shall 24
shall 27
shan 1
shan 2
shan 3
shan 4
shan 5
shan 6
shape 1
shaped 1
shaped 2
shaped 3
share 1
share 2
shared 1
shared 2
sharing 1
sharing 2
shark 1
sharks 1
sharp 1
sharp 3
sharp 6
sharply 1
sharply 2
sharply 3
sharply 4
she 12
she 26
she 41
she 57
she 73
she 89
she 105
she 125
she 146
she 167
she 188
she 211
she 234
she 257
she 280
she 309
she 312
she 315
she 348
she 387
she 426
she 430
she 470
she 519
she 524
she 529
she 536
she 544
she 553
shedding 1
sheep 1
shelves 2
shepherd 1
shifting 1
shilling 1
shillings 1
shingle 1
shining 1
shiny 1
shiver 1
shock 1
shoes 1
shoes 3
shoes 7
shook 1
shook 2
shook 3
shook 4
shook 5
shook 6
shook 9
shore 1
shore 2
shore 3
shore 4
short 1
short 2
short 3
short 4
shorter 1
shorter 2
should 1
should 2
should 3
should 4
should 5
should 6
should 7
should 8
should 9
should 10
should 11
should 12
should 13
should 14
should 16
should 18
should 20
should 22
should 24
should 26
should 29
shoulder 1
shoulder 2
shoulder 4
shoulders 1
shoulders 2
shoulders 4
shouldn 1
shouldn 2
shouldn 3
shouldn 5
shouted 1
shouted 2
shouted 3
shouted 4
shouted 9
shouting 1
shouting 2
show 1
show 3
shower 1
shower 2
showing 1
showing 2
shriek 1
shriek 2
shriek 3
shriek 5
shrieked 1
shrieks 1
shrill 1
shrill 2
shrill 3
shrill 5
shrimp 1
shrink 1
shrinking 1
shrinking 2
shrinking 4
shut 1
shut 2
shut 3
shut 4
shut 5
shutting 2
shy 1
shyly 1
side 1
side 2
side 3
side 4
side 5
side 6
side 7
side 8
side 9
side 10
side 11
side 13
side 17
sides 1
sides 2
sides 3
sides 4
sigh 1
sigh 2
sigh 4
sighed 1
sighed 2
sighed 3
sighed 5
sighing 1
sighing 2
sighing 3
sight 1
sight 2
sight 3
sight 4
sight 5
sight 6
sight 8
sight 10
sign 1
signed 2
signifies 1
signify 1
silence 1
silence 2
silence 3
silence 4
silence 5
silence 6
silence 7
silence 8
silence 9
silence 11
silence 14
silent 1
silent 2
silent 3
silent 4
silent 5
silent 7
simple 1
simple 2
simple 5
simpleton 1
simply 1
simply 2
simply 3
since 1
since 2
since 3
since 4
sing 1
sing 3
sing 6
singers 2
singing 1
singing 2
sink 1
sir 1
sir 2
sir 3
sir 4
sir 7
sister 2
sister 9
sisters 2
sit 1
sit 2
sit 3
sit 4
sit 5
sit 6
sit 8
sits 1
sitting 1
sitting 2
sitting 3
sitting 4
sitting 5
sitting 6
sitting 8
sitting 10
six 1
six 2
sixpence 1
sixteenth 1
size 1
size 2
size 3
size 4
size 5
size 7
size 10
size 13
sizes 1
skimming 1
skirt 1
skurried 1
sky 1
sky 2
sky 5
slate 1
slate 2
slate 4
slates 1
slates 4
slates 8
sleep 1
sleep 2
sleep 3
sleep 6
sleepy 1
sleepy 2
sleepy 3
sleepy 4
sleepy 5
slightest 1
slipped 1
slipped 3
slippery 1
slowly 1
slowly 2
slowly 3
slowly 4
slowly 5
slowly 6
slowly 7
slowly 8
sluggard 1
small 1
small 2
small 3
small 4
small 5
small 7
small 9
small 12
smaller 1
smaller 2
smaller 3
smallest 1
smallest 2
smile 1
smile 2
smiled 1
smiled 2
smiling 1
smiling 2
smoke 1
smoking 1
smoking 2
snail 3
snappishly 1
snatch 2
sneeze 1
sneeze 2
sneezed 1
sneezes 2
sneezing 1
sneezing 2
sneezing 3
sneezing 4
sneezing 6
snorting 1
snout 1
so 1
so 2
so 12
so 23
so 25
so 27
so 30
so 33
so 36
so 40
so 44
so 48
so 52
so 56
so 60
so 64
so 69
so 74
so 79
so 84
so 90
so 96
so 102
so 110
so 118
so 126
so 135
so 144
so 153
sob 1
sobbed 1
sobbing 1
sobbing 3
sobs 1
sobs 2
sobs 4
soft 1
softly 1
soldier 1
soldiers 1
soldiers 4
soldiers 10
solemn 1
solemn 3
solemnly 1
solemnly 2
solemnly 4
soles 1
solicit 2
solicitation 1
solid 1
some 1
some 2
some 3
some 4
some 5
some 6
some 7
some 8
some 9
some 10
some 11
some 12
some 14
some 16
some 18
some 20
some 22
some 24
some 27
some 30
some 33
some 36
some 39
some 42
some 46
some 52
somebody 1
somebody 2
somebody 3
somebody 4
somebody 5
somebody 7
somehow 1
someone 1
somersault 1
somersault 2
something 1
something 2
something 3
something 4
something 5
something 6
something 8
something 10
something 12
something 15
something 18
sometimes 1
sometimes 2
sometimes 3
sometimes 5
somewhere 1
somewhere 2
somewhere 3
son 1
song 1
song 2
song 3
song 5
song 7
soo 3
soo 7
soon 1
soon 2
soon 3
soon 4
soon 6
soon 8
soon 10
soon 12
soon 14
soon 17
soon 20
soon 25
sooner 1
sooner 2
soothing 1
sorrow 2
sorrowful 1
sorrowful 2
sorrows 1
sorry 1
sort 1
sort 2
sort 3
sort 4
sort 5
sort 6
sort 7
sort 8
sort 9
sort 10
sort 11
sort 12
sort 14
sort 16
sort 20
sorts 1
sorts 2
sorts 3
sound 1
sound 2
sound 3
sound 4
sounded 1
sounded 2
sounded 3
sounded 5
sounds 1
sounds 2
sounds 4
soup 1
soup 2
soup 12
soup 14
soup 18
sour 1
spades 1
speak 1
speak 2
speak 3
speak 4
speak 5
speak 7
speak 9
speak 12
speak 15
speaker 1
speaking 1
speaking 2
speaking 3
speaking 4
speaking 5
special 1
specified 2
spectacles 1
spectacles 2
spectacles 3
speech 1
speech 3
speed 1
spell 1
spirited 1
spite 1
splash 1
splashed 1
splashing 1
splashing 2
splendidly 1
spoke 1
spoke 2
spoke 3
spoke 4
spoke 5
spoke 6
spoke 7
spoke 8
spoke 9
spoke 11
spoke 13
spoke 15
spoke 17
spoken 1
spoon 1
spoon 2
spot 1
sprawling 1
spread 1
spread 3
spreading 1
squeaked 1
squeaking 1
squeaking 2
squeeze 1
squeezed 1
staff 1
stairs 1
stairs 2
stairs 3
stalk 1
stamping 1
stamping 2
stand 1
stand 2
stand 3
stand 4
stand 5
stand 6
standing 1
star 1
staring 1
staring 3
start 1
start 2
start 3
started 1
started 2
startled 1
startled 2
state 1
state 2
state 4
state 7
statements 1
states 1
states 3
states 5
states 10
states 19
station 1
status 1
status 4
stay 1
stay 2
stay 3
stay 5
stays 1
steady 1
steam 1
sternly 1
stick 4
sticks 1
stiff 1
stigand 1
still 1
still 2
still 3
still 4
still 5
still 6
still 7
still 9
still 11
still 13
stingy 1
stirring 2
stockings 1
stole 1
stole 3
stolen 1
stood 1
stood 2
stood 3
stood 4
stood 7
stool 1
stoop 1
stoop 2
stop 1
stop 2
stop 3
stop 4
stop 5
stop 6
stopped 1
stopped 2
stopped 3
stopping 1
stored 1
story 1
story 2
story 3
story 4
story 6
story 9
straight 1
straight 2
straightened 1
straightening 1
strange 1
strange 2
strange 5
strength 1
stretched 1
stretched 2
stretching 1
stretching 2
strict 1
strings 1
struck 1
struck 2
stuff 1
stuff 2
stuff 4
stupid 1
stupid 2
stupid 3
stupid 6
stupidest 1
stupidly 1
subdued 1
subject 1
subject 2
subject 3
subject 4
subject 5
subject 7
subjects 1
submitted 1
subscribe 1
succeeded 1
succeeded 2
succeeded 3
such 1
such 2
such 3
such 4
such 5
such 6
such 7
such 8
such 9
such 10
such 11
such 13
such 15
such 17
such 19
such 21
such 23
such 26
such 29
such 32
such 36
such 40
such 47
sudden 1
sudden 2
sudden 5
suddenly 1
suddenly 2
suddenly 3
suddenly 4
suddenly 6
suddenly 8
suddenly 10
suddenly 13
suet 1
sugar 1
sugar 2
suit 1
suit 2
suit 3
sulkily 1
sulkily 2
sulky 1
sulky 2
sulky 3
summer 1
summer 2
sun 1
sun 2
supple 1
support 1
support 4
suppose 1
suppose 2
suppose 3
suppose 4
suppose 5
suppose 6
suppose 7
suppose 8
suppose 10
suppose 12
suppose 14
suppress 1
suppressed 1
suppressed 4
sure 1
sure 2
sure 3
sure 4
sure 5
sure 6
sure 8
sure 10
sure 12
sure 14
sure 18
sure 24
surprise 1
surprise 2
surprise 3
surprise 4
surprise 5
surprised 1
surprised 2
surprised 3
surprised 4
surprised 5
surprised 7
survive 1
swallow 1
swallowed 1
swallowing 1
swam 1
swam 5
swamp 1
sweet 1
swim 1
swim 2
swim 5
swimming 2
synonymous 1
t 1
t 11
t 21
t 31
t 41
t 52
t 63
t 74
t 85
t 98
t 113
t 129
t 131
t 133
t 136
t 139
t 142
t 145
t 149
t 154
t 159
t 165
t 171
t 178
t 185
t 192
t 200
t 209
t 218
table 1
table 2
table 3
table 4
table 5
table 7
table 9
table 13
table 18
tail 1
tail 2
tail 3
tail 4
tail 5
tail 7
tail 9
tails 3
take 1
take 2
take 3
take 4
take 5
take 6
take 7
take 8
take 9
take 10
take 11
take 13
take 15
take 18
take 22
taken 1
taken 2
taken 4
takes 1
takes 2
takes 3
taking 1
taking 2
taking 3
taking 5
tale 1
tale 2
tale 3
tale 5
tales 1
talk 1
talk 2
talk 3
talk 4
talk 5
talk 6
talk 8
talk 10
talk 14
talking 1
talking 2
talking 3
talking 4
talking 5
talking 6
talking 7
talking 8
talking 9
talking 11
talking 13
talking 15
talking 17
taller 1
taller 2
tart 1
tarts 1
tarts 2
tarts 4
tarts 8
taste 1
taste 2
tasted 1
tasted 3
tastes 1
taught 1
taught 2
taught 4
tax 1
tax 6
taxes 1
tea 1
tea 2
tea 3
tea 4
tea 5
tea 7
tea 10
tea 14
tea 20
teaching 1
teacup 1
teacup 3
teacups 2
teapot 1
tears 1
tears 2
tears 3
tears 5
tears 8
tears 12
teases 1
teeth 1
telescope 1
telescope 3
telescopes 1
tell 1
tell 2
tell 3
tell 4
tell 5
tell 6
tell 7
tell 8
tell 9
tell 11
tell 13
tell 15
tell 17
tell 19
tell 21
tell 23
tell 25
tell 27
tell 29
tell 32
telling 1
telling 2
tells 1
tells 2
temper 1
temper 2
temper 3
temper 4
temper 5
tempered 2
ten 1
ten 2
ten 3
ten 6
terms 1
terms 2
terms 19
terms 23
terribly 1
terrier 1
terror 1
texts 1
than 1
than 2
than 3
than 4
than 5
than 6
than 7
than 8
than 9
than 10
than 11
than 12
than 14
than 16
than 18
than 20
than 22
than 24
than 27
thank 1
thank 2
thank 4
thanked 1
that 10
that 20
that 31
that 44
that 57
that 70
that 84
that 98
that 113
that 129
that 146
that 165
that 185
that 208
that 212
that 216
that 220
that 226
that 232
that 238
that 244
that 251
that 258
that 265
that 272
that 280
that 288
that 296
that 304
that 312
that 321
that 330
thatched 1
the 36
the 74
the 112
the 151
the 196
the 241
the 288
the 335
the 386
the 437
the 489
the 542
the 596
the 650
the 704
the 761
the 818
the 877
the 936
the 996
the 1057
the 1118
the 1181
the 1244
the 1307
the 1373
the 1444
the 1517
the 1592
the 1671
the 1753
the 1839
their 1
their 2
their 3
their 4
their 5
their 6
their 7
their 8
their 10
their 12
their 14
their 17
their 21
their 25
their 29
their 34
their 39
their 45
their 52
theirs 1
them 1
them 2
them 3
them 4
them 5
them 6
them 7
them 8
them 18
them 28
them 30
them 32
them 34
them 37
them 40
them 43
them 46
them 49
them 52
them 56
them 60
them 64
them 68
them 73
them 80
them 88
themselves 1
themselves 2
themselves 3
then 1
then 2
then 3
then 4
then 5
then 6
then 7
then 9
then 11
then 13
then 15
then 17
then 19
then 21
then 24
then 27
then 30
then 34
then 38
then 42
then 47
then 52
then 58
then 64
then 71
then 78
then 86
then 94
there 1
there 2
there 13
there 15
there 17
there 19
there 21
there 23
there 26
there 29
there 32
there 35
there 38
there 41
there 44
there 48
there 52
there 56
there 60
there 65
there 70
there 75
there 80
there 87
there 94
there 101
therefore 1
these 1
these 2
these 3
these 4
these 5
these 6
these 7
these 9
these 11
these 13
these 17
they 1
they 2
they 3
they 4
they 5
they 17
they 34
they 51
they 53
they 55
they 57
they 59
they 61
they 64
they 67
they 70
they 73
they 76
they 80
they 85
they 90
they 97
they 104
they 112
they 120
they 128
they 136
they 145
they 154
thick 1
thimble 1
thimble 4
thin 1
thing 1
thing 2
thing 3
thing 4
thing 5
thing 6
thing 7
thing 9
thing 11
thing 13
thing 15
thing 17
thing 19
thing 22
thing 25
thing 29
thing 33
thing 37
thing 42
thing 49
things 1
things 2
things 3
things 4
things 5
things 6
things 8
things 10
things 12
things 14
things 16
things 19
things 22
things 25
things 29
things 33
think 1
think 2
think 3
think 4
think 5
think 6
think 7
think 8
think 10
think 12
think 14
think 16
think 18
think 20
think 23
think 26
think 29
think 32
think 36
think 41
think 47
think 53
thinking 1
thinking 2
thinking 3
thinking 4
thinking 5
thinking 6
thinking 7
thinking 9
thinking 11
thirteen 1
this 1
this 2
this 3
this 13
this 26
this 28
this 30
this 32
this 58
this 61
this 64
this 67
this 70
this 73
this 77
this 81
this 86
this 91
this 96
this 101
this 106
this 111
this 117
this 123
this 129
this 135
this 142
this 149
this 157
this 165
this 173
this 181
thistle 2
thoroughly 1
thoroughly 2
those 1
those 2
those 3
those 4
those 5
those 6
those 7
those 9
those 11
though 1
though 2
though 3
though 4
though 5
though 6
though 7
though 8
though 9
though 11
thought 1
thought 2
thought 3
thought 4
thought 5
thought 6
thought 8
thought 10
thought 12
thought 14
thought 17
thought 20
thought 23
thought 26
thought 29
thought 32
thought 35
thought 39
thought 43
thought 47
thought 51
thought 56
thought 61
thought 67
thought 74
thoughtfully 1
thoughtfully 2
thoughtfully 3
thoughtfully 4
thoughts 1
thoughts 2
thousand 1
thousand 2
three 1
three 2
three 3
three 4
three 5
three 6
three 8
three 10
three 12
three 15
three 18
three 22
three 28
threw 1
threw 2
throat 1
throat 2
throne 1
through 1
through 2
through 3
through 4
through 6
through 8
through 10
through 16
throw 1
throw 2
throw 3
throwing 1
throwing 2
thrown 1
thump 2
thunder 1
thunderstorm 1
thus 1
tide 1
tidy 1
tie 1
tied 1
tight 1
till 1
till 2
till 3
till 4
till 5
till 6
till 7
till 8
till 9
till 11
till 13
till 15
till 17
till 21
tillie 1
time 1
time 2
time 3
time 4
time 5
time 6
time 7
time 18
time 20
time 22
time 24
time 26
time 28
time 30
time 32
time 34
time 36
time 38
time 41
time 44
time 47
time 50
time 54
time 58
time 62
time 66
time 71
times 1
times 2
times 3
times 6
timid 1
timid 2
timid 3
timidly 1
timidly 2
timidly 3
timidly 4
timidly 5
timidly 6
timidly 7
timidly 8
timidly 9
tinkling 1
tiny 1
tiny 2
tiny 4
tipped 1
tiptoe 1
tiptoe 2
tired 1
tired 2
tired 3
tired 4
tired 5
tired 7
tis 2
tis 5
title 1
tittered 1
tm 15
tm 32
tm 57
to 14
to 28
to 43
to 58
to 74
to 90
to 107
to 124
to 143
to 162
to 184
to 206
to 228
to 251
to 275
to 299
to 324
to 352
to 380
to 409
to 438
to 468
to 498
to 530
to 562
to 595
to 628
to 661
to 694
to 730
to 768
to 811
toast 1
today 1
toes 1
toes 3
toffee 1
together 1
together 2
together 3
together 4
together 5
together 6
together 7
together 9
told 1
told 2
told 3
told 4
told 6
tomorrow 1
tone 1
tone 2
tone 3
tone 4
tone 5
tone 6
tone 7
tone 8
tone 9
tone 11
tone 13
tone 15
tone 17
tone 19
tone 21
tone 23
tone 26
tone 29
tone 32
tone 36
tone 40
tones 1
tones 2
tongue 1
tongue 2
tongue 3
tongue 4
too 1
too 2
too 3
too 4
too 5
too 6
too 7
too 8
too 9
too 10
too 11
too 12
too 13
too 15
too 17
too 19
too 22
too 26
took 1
took 2
took 3
took 4
took 5
took 6
took 7
took 9
took 11
took 13
took 15
took 18
took 21
took 24
top 1
top 2
top 3
top 4
top 5
top 6
top 7
top 8
tops 1
tortoise 3
toss 1
tossing 1
tossing 2
tossing 3
touch 1
tougher 1
towards 1
toys 1
trademark 1
trademark 5
trademark 14
trampled 1
transcribe 1
transcription 1
traps 1
tray 1
treacle 1
treacle 7
treading 2
treat 1
treated 1
treatment 1
tree 1
tree 2
tree 3
tree 4
tree 6
tree 9
trees 1
trees 2
trees 3
trees 4
trees 5
trees 7
tremble 1
trembled 1
trembled 2
trembling 1
trembling 2
trembling 3
trembling 4
trembling 6
tremulous 1
trial 2
trial 4
trial 10
trials 1
trickling 1
tricks 1
tried 1
tried 2
tried 3
tried 4
tried 5
tried 6
tried 7
tried 8
tried 10
tried 14
tried 19
trims 1
triumphantly 1
triumphantly 2
trot 1
trotting 1
trotting 2
trouble 1
trouble 2
trouble 3
trouble 4
trouble 6
true 1
true 2
true 4
trumpet 3
trusts 1
truth 1
truthful 1
try 1
try 2
try 3
try 4
try 5
try 7
try 9
try 12
trying 1
trying 2
trying 3
trying 4
trying 5
trying 6
trying 7
trying 8
trying 9
trying 10
trying 12
trying 14
tucked 1
tucked 3
tulip 1
tumbled 1
tumbling 1
tumbling 2
tunnel 1
tureen 1
turkey 1
turn 1
turn 2
turn 3
turn 4
turn 5
turn 6
turn 7
turn 9
turn 11
turned 1
turned 2
turned 3
turned 4
turned 5
turned 6
turned 7
turned 8
turned 9
turned 11
turned 13
turned 16
turning 1
turning 2
turning 3
turning 4
turning 5
turning 6
turning 7
turning 8
turning 9
turning 10
turning 12
turns 1
turns 2
turns 3
turtle 1
turtle 2
turtle 3
turtle 14
turtle 26
turtle 40
turtle 58
turtle 60
turtles 1
turtles 2
tut 2
twelfth 1
twelve 1
twelve 2
twelve 4
twentieth 1
twenty 1
twenty 3
twice 1
twice 2
twice 3
twice 5
twinkle 8
twinkled 1
twinkling 1
twinkling 4
twist 1
twist 2
two 1
two 2
two 3
two 4
two 5
two 7
two 9
two 11
two 13
two 15
two 17
two 19
two 21
two 23
two 25
two 28
two 31
two 35
two 40
txt 1
types 1
u 1
u 2
u 4
u 7
ugh 1
ugh 2
uglification 2
uglify 1
uglifying 1
ugly 1
ugly 2
un 2
unable 1
uncivil 1
uncomfortable 1
uncomfortable 2
uncomfortable 3
uncomfortable 4
uncomfortably 1
uncommon 1
uncommonly 1
uncorked 1
under 1
under 2
under 3
under 4
under 5
under 6
under 7
under 8
under 9
under 10
under 12
under 14
under 16
under 19
under 22
underneath 1
underneath 2
understand 1
understand 2
understand 3
understand 4
understand 5
understand 7
understood 1
undertone 2
undo 1
undoing 1
uneasily 1
uneasily 2
uneasy 1
unenforceability 1
unfolded 1
unfolded 2
unfortunate 1
unfortunate 3
unhappy 1
unhappy 2
uniform 1
unimportant 3
united 2
united 4
united 6
united 15
unjust 1
unless 1
unless 2
unless 3
unless 4
unless 5
unlink 1
unlocking 1
unpleasant 1
unpleasant 2
unprotected 1
unrolled 1
unrolled 2
unsolicited 1
until 1
until 2
until 3
until 4
until 5
untwist 1
unusually 1
unwillingly 1
up 1
up 2
up 3
up 4
up 5
up 6
up 17
up 19
up 21
up 23
up 25
up 27
up 30
up 33
up 36
up 39
up 42
up 45
up 48
up 51
up 54
up 57
up 61
up 65
up 69
up 74
up 80
up 87
up 94
up 103
updated 1
updated 2
upon 1
upon 2
upon 3
upon 4
upon 5
upon 6
upon 7
upon 8
upon 9
upon 10
upon 11
upon 12
upon 14
upon 16
upon 19
upon 22
upon 25
upon 28
upright 1
upset 1
upset 3
upsetting 1
upstairs 1
us 1
us 2
us 3
us 4
us 5
us 6
us 7
us 8
us 9
us 11
us 15
use 1
use 2
use 3
use 4
use 5
use 6
use 8
use 10
use 12
use 14
use 17
use 20
use 23
use 32
used 1
used 2
used 3
used 4
used 5
used 6
used 7
used 8
used 10
used 12
used 14
used 16
useful 1
useful 2
user 3
using 1
using 2
using 3
using 4
using 8
usual 1
usual 2
usual 3
usual 5
usually 1
usually 2
usurpation 1
ut 1
utf 1
v 1
v 2
vague 1
vanilla 2
vanished 1
vanished 2
vanished 4
vanishing 1
variations 1
variety 1
various 1
various 2
ve 1
ve 2
ve 3
ve 4
ve 5
ve 7
ve 9
ve 11
ve 13
ve 15
ve 17
ve 19
ve 21
ve 23
ve 26
ve 29
ve 32
ve 36
ve 40
ve 44
vegetable 1
velvet 1
venture 1
venture 2
venture 3
ventured 1
ventured 2
ventured 3
ventured 4
verdict 1
verdict 2
verdict 4
verse 1
verse 2
verse 4
verses 4
version 1
very 1
very 2
very 3
very 4
very 15
very 17
very 20
very 23
very 26
very 29
very 33
very 37
very 42
very 47
very 52
very 57
very 62
very 67
very 72
very 77
very 83
very 89
very 96
very 103
very 110
very 118
very 127
very 136
very 145
vi 1
vi 2
viewed 1
viewing 1
vii 1
vii 2
viii 1
viii 2
vinegar 1
violates 1
violence 1
violent 1
violent 2
violently 1
violently 2
violently 3
violently 4
virus 1
visit 1
visit 3
voice 1
voice 2
voice 3
voice 4
voice 5
voice 6
voice 7
voice 8
voice 10
voice 12
voice 14
voice 16
voice 18
voice 21
voice 24
voice 27
voice 30
voice 34
voice 38
voice 43
voice 48
voices 1
voices 3
void 1
volunteer 1
volunteers 1
volunteers 5
vote 1
vulgar 1
w 1
wag 1
wags 1
waist 1
waistcoat 2
wait 1
waited 1
waited 2
waited 3
waited 4
waited 5
waited 6
waited 7
waited 9
waited 11
waiting 1
waiting 2
waiting 3
waiting 4
waiting 5
waiting 6
waiting 7
waiting 8
waiting 9
wake 1
wake 2
walk 1
walk 2
walk 3
walk 4
walk 5
walked 1
walked 2
walked 3
walked 5
walked 7
walked 10
walking 1
walking 2
walking 3
walking 5
walks 1
walrus 1
wander 1
wandered 1
wandered 2
wandering 1
wandering 2
want 1
want 2
want 3
want 4
want 5
want 6
want 7
want 9
wanted 1
wanted 2
wanted 4
wants 1
wants 2
warning 1
warranties 3
warranty 2
was 11
was 22
was 33
was 44
was 56
was 68
was 82
was 97
was 112
was 128
was 145
was 162
was 179
was 196
was 214
was 216
was 237
was 261
was 264
was 295
was 299
was 303
was 308
was 314
was 320
was 326
was 333
was 341
was 350
was 359
wash 1
wash 2
washing 1
washing 2
washing 3
wasn 1
wasn 2
wasn 3
wasn 4
wasn 5
wasn 6
wasn 8
wasn 11
waste 1
wasting 1
wasting 2
watch 1
watch 2
watch 3
watch 5
watch 8
watched 1
watched 2
watching 1
watching 2
watching 3
water 1
water 3
water 5
waters 1
waving 1
waving 2
waving 3
waving 5
way 1
way 2
way 3
way 4
way 5
way 6
way 7
way 8
way 9
way 10
way 20
way 22
way 24
way 26
way 28
way 30
way 32
way 34
way 37
way 40
way 44
way 48
way 53
way 58
ways 1
ways 2
we 1
we 2
we 3
we 4
we 5
we 6
we 7
we 8
we 10
we 12
we 14
we 17
we 20
we 23
we 28
we 35
we 43
weak 1
weak 2
wearily 1
web 1
website 1
website 4
week 1
week 2
week 3
weeks 1
welcome 1
well 1
well 2
well 3
well 4
well 5
well 6
well 7
well 8
well 10
well 12
well 14
well 16
well 18
well 20
well 22
well 25
well 28
well 31
well 34
well 37
well 41
well 45
well 50
well 55
well 63
went 1
went 2
went 3
went 4
went 5
went 7
went 9
went 11
went 13
went 15
went 17
went 20
went 23
went 26
went 29
went 32
went 36
went 40
went 44
went 49
went 54
went 59
went 64
went 69
went 75
went 83
wept 1
were 1
were 2
were 3
were 4
were 5
were 6
were 16
were 18
were 20
were 22
were 24
were 26
were 28
were 30
were 32
were 35
were 38
were 41
were 44
were 47
were 51
were 55
were 59
were 64
were 70
were 77
were 85
weren 1
west 1
wet 2
what 1
what 2
what 3
what 13
what 23
what 25
what 27
what 30
what 33
what 36
what 39
what 42
what 45
what 48
what 52
what 56
what 61
what 66
what 71
what 76
what 81
what 86
what 92
what 98
what 104
what 111
what 118
what 125
what 133
what 142
whatever 1
whatever 3
whatsoever 1
whatsoever 2
when 1
when 2
when 3
when 4
when 5
when 6
when 7
when 17
when 19
when 21
when 23
when 25
when 27
when 29
when 31
when 33
when 36
when 39
when 42
when 45
when 48
when 51
when 55
when 59
when 64
when 69
when 74
when 80
whenever 1
whenever 2
where 1
where 2
where 3
where 4
where 5
where 6
where 7
where 8
where 9
where 10
where 11
where 12
where 14
where 16
where 18
where 20
whereupon 1
wherever 1
wherever 2
whether 1
whether 2
whether 3
whether 4
whether 5
whether 6
whether 7
whether 9
whether 11
which 1
which 2
which 3
which 4
which 5
which 6
which 7
which 8
which 10
which 12
which 14
which 16
which 18
which 20
which 22
which 25
which 28
which 31
which 35
which 39
which 44
which 49
which 56
while 1
while 2
while 3
while 4
while 5
while 6
while 7
while 8
while 9
while 11
while 13
while 15
while 17
while 20
while 23
while 26
whiles 1
whiskers 1
whiskers 2
whiskers 3
whisper 1
whisper 3
whispered 1
whispered 3
whispered 5
whispers 1
whistle 1
whistling 1
white 1
white 2
white 3
white 4
white 5
white 6
white 7
white 8
white 10
white 13
white 16
white 20
white 24
white 30
whiting 8
who 1
who 2
who 3
who 4
who 5
who 6
who 7
who 8
who 9
who 10
who 11
who 13
who 15
who 17
who 19
who 21
who 23
who 26
who 29
who 32
who 35
who 38
who 41
who 44
who 48
who 52
who 56
who 61
who 67
whoever 1
whole 1
whole 2
whole 3
whole 4
whole 5
whole 7
whole 9
whole 11
whole 13
whom 1
whom 2
whose 1
whose 2
why 1
why 2
why 3
why 4
why 5
why 6
why 7
why 8
why 10
why 12
why 14
why 16
why 18
why 20
why 22
why 25
why 28
why 32
why 36
why 40
wide 1
wide 2
wider 1
widespread 1
widest 2
widger 1
wife 1
wig 2
wild 1
wild 2
wildly 1
wildly 2
will 1
will 2
will 3
will 4
will 5
will 6
will 7
will 8
will 9
will 10
will 11
will 12
will 13
will 26
will 28
will 30
will 32
will 35
will 38
will 42
william 1
william 2
william 5
william 8
win 1
wind 1
wind 2
window 1
window 8
wine 2
wings 1
wink 1
wink 2
winter 1
wise 1
wise 2
wish 1
wish 2
wish 3
wish 4
wish 5
wish 6
wish 7
wish 8
wish 10
wish 12
wish 15
wish 18
wish 22
with 1
with 11
with 22
with 33
with 44
with 57
with 84
with 87
with 90
with 93
with 96
with 100
with 104
with 108
with 112
with 116
with 120
with 125
with 131
with 137
with 143
with 150
with 157
with 164
with 171
with 178
with 185
with 193
with 201
with 210
with 219
with 228
within 1
within 2
within 6
without 1
without 2
without 3
without 4
without 5
without 6
without 7
without 8
without 9
without 10
without 11
without 12
without 13
without 14
without 16
without 18
without 20
without 22
without 24
without 26
without 28
without 31
without 34
witness 1
witness 4
witness 10
wits 1
woke 1
woman 1
woman 2
won 1
won 2
won 3
won 4
won 5
won 6
won 7
won 17
won 19
won 21
won 23
won 26
wonder 1
wonder 2
wonder 3
wonder 4
wonder 6
wonder 9
wonder 12
wonder 15
wonder 18
wondered 1
wonderful 2
wondering 1
wondering 2
wondering 3
wondering 4
wondering 5
wondering 7
wonderland 3
wonderland 7
wood 1
wood 2
wood 4
wood 8
wooden 1
word 1
word 2
word 3
word 4
word 5
word 6
word 7
word 8
word 9
word 11
words 1
words 2
words 3
words 4
words 5
words 6
words 7
words 8
words 9
words 10
words 11
words 12
words 14
words 16
words 18
words 21
wore 1
work 1
work 2
work 3
work 4
work 5
work 6
work 23
work 25
work 27
work 53
works 1
works 16
works 18
works 24
works 33
world 1
world 2
world 3
world 4
world 5
world 6
world 7
world 9
worm 1
worried 1
worry 1
worse 1
worse 2
worse 3
worth 1
worth 2
worth 3
worth 4
would 1
would 2
would 3
would 4
would 5
would 6
would 7
would 8
would 9
would 10
would 20
would 30
would 32
would 34
would 36
would 38
would 41
would 44
would 47
would 50
would 53
would 56
would 60
would 64
would 68
would 72
would 77
would 83
wouldn 1
wouldn 2
wouldn 3
wouldn 4
wouldn 5
wouldn 6
wouldn 7
wouldn 9
wouldn 11
wouldn 13
wow 3
wow 6
wrapping 1
wretched 1
wretched 2
wriggling 1
write 1
write 2
write 4
write 6
writhing 1
writing 1
writing 2
writing 4
writing 6
writing 9
written 1
written 2
written 3
written 4
written 6
written 9
wrong 1
wrong 2
wrong 3
wrong 4
wrong 5
wrote 1
wrote 2
wrote 3
www 1
www 2
www 3
www 5
www 10
x 1
x 2
xi 1
xi 2
xii 1
xii 2
yard 1
yards 1
yawned 1
yawned 2
yawning 2
ye 1
year 2
years 1
years 2
yelled 1
yelp 1
yer 4
yes 1
yes 2
yes 3
yes 4
yes 5
yes 6
yes 7
yes 8
yes 9
yes 11
yes 13
yesterday 1
yesterday 2
yesterday 3
yet 1
yet 2
yet 3
yet 4
yet 5
yet 6
yet 7
yet 8
yet 10
yet 12
yet 14
yet 17
yet 21
yet 25
you 10
you 20
you 30
you 44
you 58
you 72
you 87
you 103
you 119
you 135
you 151
you 168
you 185
you 202
you 221
you 240
you 242
you 264
you 289
you 315
you 318
you 350
you 386
you 390
you 430
you 435
you 442
you 450
you 459
you 468
you 477
you 486
young 1
young 2
young 3
young 5
your 1
your 2
your 3
your 4
your 5
your 6
your 8
your 10
your 12
your 14
your 16
your 18
your 20
your 22
your 24
your 27
your 30
your 33
your 36
your 40
your 44
your 49
your 54
your 59
your 65
your 71
yours 1
yours 2
yours 3
yourself 1
yourself 2
yourself 3
yourself 4
yourself 5
yourself 6
yourself 7
yourself 8
yourself 10
youth 1
youth 6
zealand 1
zigzag 1
zip 1
